[debug] [2025-11-20T06:11:15.645Z] ----------------------------------------------------------------------
[debug] [2025-11-20T06:11:15.647Z] Command:       C:\Program Files\nodejs\node.exe C:\Users\zimm2\AppData\Roaming\npm\node_modules\firebase-tools\lib\bin\firebase.js deploy --only functions:detectYellowScreen
[debug] [2025-11-20T06:11:15.648Z] CLI Version:   14.25.0
[debug] [2025-11-20T06:11:15.648Z] Platform:      win32
[debug] [2025-11-20T06:11:15.648Z] Node Version:  v20.12.2
[debug] [2025-11-20T06:11:15.648Z] Time:          Thu Nov 20 2025 01:11:15 GMT-0500 (Eastern Standard Time)
[debug] [2025-11-20T06:11:15.648Z] ----------------------------------------------------------------------
[debug] 
[debug] [2025-11-20T06:11:15.820Z] > command requires scopes: ["email","openid","https://www.googleapis.com/auth/cloudplatformprojects.readonly","https://www.googleapis.com/auth/firebase","https://www.googleapis.com/auth/cloud-platform"]
[debug] [2025-11-20T06:11:15.821Z] > authorizing via signed-in user (alex@atozdigital.co)
[debug] [2025-11-20T06:11:15.821Z] [iam] checking project biome-865cc for permissions ["cloudfunctions.functions.create","cloudfunctions.functions.delete","cloudfunctions.functions.get","cloudfunctions.functions.list","cloudfunctions.functions.update","cloudfunctions.operations.get","firebase.projects.get"]
[debug] [2025-11-20T06:11:15.822Z] Checked if tokens are valid: true, expires at: 1763622666224
[debug] [2025-11-20T06:11:15.822Z] Checked if tokens are valid: true, expires at: 1763622666224
[debug] [2025-11-20T06:11:15.823Z] >>> [apiv2][query] POST https://cloudresourcemanager.googleapis.com/v1/projects/biome-865cc:testIamPermissions [none]
[debug] [2025-11-20T06:11:15.823Z] >>> [apiv2][(partial)header] POST https://cloudresourcemanager.googleapis.com/v1/projects/biome-865cc:testIamPermissions x-goog-quota-user=projects/biome-865cc
[debug] [2025-11-20T06:11:15.823Z] >>> [apiv2][body] POST https://cloudresourcemanager.googleapis.com/v1/projects/biome-865cc:testIamPermissions {"permissions":["cloudfunctions.functions.create","cloudfunctions.functions.delete","cloudfunctions.functions.get","cloudfunctions.functions.list","cloudfunctions.functions.update","cloudfunctions.operations.get","firebase.projects.get"]}
[debug] [2025-11-20T06:11:16.323Z] <<< [apiv2][status] POST https://cloudresourcemanager.googleapis.com/v1/projects/biome-865cc:testIamPermissions 200
[debug] [2025-11-20T06:11:16.323Z] <<< [apiv2][body] POST https://cloudresourcemanager.googleapis.com/v1/projects/biome-865cc:testIamPermissions {"permissions":["cloudfunctions.functions.create","cloudfunctions.functions.delete","cloudfunctions.functions.get","cloudfunctions.functions.list","cloudfunctions.functions.update","cloudfunctions.operations.get","firebase.projects.get"]}
[debug] [2025-11-20T06:11:16.324Z] Checked if tokens are valid: true, expires at: 1763622666224
[debug] [2025-11-20T06:11:16.324Z] Checked if tokens are valid: true, expires at: 1763622666224
[debug] [2025-11-20T06:11:16.324Z] >>> [apiv2][query] POST https://iam.googleapis.com/v1/projects/biome-865cc/serviceAccounts/biome-865cc@appspot.gserviceaccount.com:testIamPermissions [none]
[debug] [2025-11-20T06:11:16.324Z] >>> [apiv2][body] POST https://iam.googleapis.com/v1/projects/biome-865cc/serviceAccounts/biome-865cc@appspot.gserviceaccount.com:testIamPermissions {"permissions":["iam.serviceAccounts.actAs"]}
[debug] [2025-11-20T06:11:16.787Z] <<< [apiv2][status] POST https://iam.googleapis.com/v1/projects/biome-865cc/serviceAccounts/biome-865cc@appspot.gserviceaccount.com:testIamPermissions 200
[debug] [2025-11-20T06:11:16.787Z] <<< [apiv2][body] POST https://iam.googleapis.com/v1/projects/biome-865cc/serviceAccounts/biome-865cc@appspot.gserviceaccount.com:testIamPermissions {"permissions":["iam.serviceAccounts.actAs"]}
[info] 
[info] === Deploying to 'biome-865cc'...
[info] 
[info] i  deploying functions 
[debug] [2025-11-20T06:11:16.791Z] Checked if tokens are valid: true, expires at: 1763622666224
[debug] [2025-11-20T06:11:16.791Z] Checked if tokens are valid: true, expires at: 1763622666224
[debug] [2025-11-20T06:11:16.791Z] >>> [apiv2][query] GET https://cloudresourcemanager.googleapis.com/v1/projects/biome-865cc [none]
[debug] [2025-11-20T06:11:17.035Z] <<< [apiv2][status] GET https://cloudresourcemanager.googleapis.com/v1/projects/biome-865cc 200
[debug] [2025-11-20T06:11:17.035Z] <<< [apiv2][body] GET https://cloudresourcemanager.googleapis.com/v1/projects/biome-865cc {"projectNumber":"952652458408","projectId":"biome-865cc","lifecycleState":"ACTIVE","name":"BioME","labels":{"firebase":"enabled","firebase-core":"disabled"},"createTime":"2025-11-16T23:46:33.065732Z","parent":{"type":"organization","id":"700716616277"}}
[info] i  functions: preparing codebase default for deployment 
[info] i  functions: ensuring required API cloudfunctions.googleapis.com is enabled... 
[info] i  functions: ensuring required API cloudbuild.googleapis.com is enabled... 
[info] i  artifactregistry: ensuring required API artifactregistry.googleapis.com is enabled... 
[debug] [2025-11-20T06:11:17.038Z] Checked if tokens are valid: true, expires at: 1763622666224
[debug] [2025-11-20T06:11:17.038Z] Checked if tokens are valid: true, expires at: 1763622666224
[debug] [2025-11-20T06:11:17.038Z] >>> [apiv2][query] GET https://firebase.googleapis.com/v1beta1/projects/biome-865cc/adminSdkConfig [none]
[debug] [2025-11-20T06:11:17.754Z] <<< [apiv2][status] GET https://firebase.googleapis.com/v1beta1/projects/biome-865cc/adminSdkConfig 200
[debug] [2025-11-20T06:11:17.754Z] <<< [apiv2][body] GET https://firebase.googleapis.com/v1beta1/projects/biome-865cc/adminSdkConfig {"projectId":"biome-865cc","storageBucket":"biome-865cc.firebasestorage.app"}
[debug] [2025-11-20T06:11:17.754Z] Checked if tokens are valid: true, expires at: 1763622666224
[debug] [2025-11-20T06:11:17.754Z] Checked if tokens are valid: true, expires at: 1763622666224
[debug] [2025-11-20T06:11:17.754Z] >>> [apiv2][query] GET https://runtimeconfig.googleapis.com/v1beta1/projects/biome-865cc/configs [none]
[debug] [2025-11-20T06:11:18.285Z] <<< [apiv2][status] GET https://runtimeconfig.googleapis.com/v1beta1/projects/biome-865cc/configs 200
[debug] [2025-11-20T06:11:18.285Z] <<< [apiv2][body] GET https://runtimeconfig.googleapis.com/v1beta1/projects/biome-865cc/configs {}
[debug] [2025-11-20T06:11:18.286Z] Validating nodejs source
[debug] [2025-11-20T06:11:19.401Z] > [functions] package.json contents: {
  "name": "functions",
  "description": "Cloud Functions for Firebase",
  "scripts": {
    "lint": "eslint .",
    "serve": "firebase emulators:start --only functions",
    "shell": "firebase functions:shell",
    "start": "npm run shell",
    "deploy": "firebase deploy --only functions",
    "logs": "firebase functions:log"
  },
  "engines": {
    "node": "20"
  },
  "main": "index.js",
  "dependencies": {
    "@google-cloud/storage": "^7.17.3",
    "ffmpeg-static": "^5.3.0",
    "firebase-admin": "^12.7.0",
    "firebase-functions": "^7.0.0"
  },
  "devDependencies": {
    "eslint": "^8.15.0",
    "eslint-config-google": "^0.14.0"
  },
  "private": true
}
[debug] [2025-11-20T06:11:19.402Z] Building nodejs source
[info] i  functions: Loading and analyzing source code for codebase default to determine what to deploy 
[debug] [2025-11-20T06:11:19.402Z] Could not find functions.yaml. Must use http discovery
[debug] [2025-11-20T06:11:19.410Z] Found firebase-functions binary at 'C:\Users\zimm2\Desktop\BioMEDirect\functions\node_modules\.bin\firebase-functions'
[info] Serving at port 8244

[debug] [2025-11-20T06:11:20.368Z] Got response from /__/functions.yaml {"endpoints":{"generateSrcArray":{"platform":"gcfv2","availableMemoryMb":null,"timeoutSeconds":null,"minInstances":null,"maxInstances":null,"ingressSettings":null,"concurrency":null,"serviceAccountEmail":null,"vpc":null,"labels":{},"eventTrigger":{"eventType":"google.cloud.storage.object.v1.finalized","eventFilters":{"bucket":"biome-865cc.firebasestorage.app"},"retry":false},"entryPoint":"generateSrcArray"},"detectYellowScreen":{"availableMemoryMb":null,"timeoutSeconds":null,"minInstances":null,"maxInstances":null,"ingressSettings":null,"concurrency":null,"serviceAccountEmail":null,"vpc":null,"platform":"gcfv2","labels":{},"callableTrigger":{},"entryPoint":"detectYellowScreen"}},"specVersion":"v1alpha1","requiredAPIs":[],"extensions":{}}
[info] i  extensions: ensuring required API firebaseextensions.googleapis.com is enabled... 
[debug] [2025-11-20T06:11:25.409Z] > command requires scopes: ["email","openid","https://www.googleapis.com/auth/cloudplatformprojects.readonly","https://www.googleapis.com/auth/firebase","https://www.googleapis.com/auth/cloud-platform"]
[debug] [2025-11-20T06:11:25.410Z] > authorizing via signed-in user (alex@atozdigital.co)
[debug] [2025-11-20T06:11:25.410Z] [iam] checking project biome-865cc for permissions ["firebase.projects.get","firebaseextensions.instances.list"]
[debug] [2025-11-20T06:11:25.410Z] Checked if tokens are valid: true, expires at: 1763622666224
[debug] [2025-11-20T06:11:25.410Z] Checked if tokens are valid: true, expires at: 1763622666224
[debug] [2025-11-20T06:11:25.410Z] >>> [apiv2][query] POST https://cloudresourcemanager.googleapis.com/v1/projects/biome-865cc:testIamPermissions [none]
[debug] [2025-11-20T06:11:25.410Z] >>> [apiv2][(partial)header] POST https://cloudresourcemanager.googleapis.com/v1/projects/biome-865cc:testIamPermissions x-goog-quota-user=projects/biome-865cc
[debug] [2025-11-20T06:11:25.410Z] >>> [apiv2][body] POST https://cloudresourcemanager.googleapis.com/v1/projects/biome-865cc:testIamPermissions {"permissions":["firebase.projects.get","firebaseextensions.instances.list"]}
[debug] [2025-11-20T06:11:25.841Z] <<< [apiv2][status] POST https://cloudresourcemanager.googleapis.com/v1/projects/biome-865cc:testIamPermissions 200
[debug] [2025-11-20T06:11:25.842Z] <<< [apiv2][body] POST https://cloudresourcemanager.googleapis.com/v1/projects/biome-865cc:testIamPermissions {"permissions":["firebase.projects.get","firebaseextensions.instances.list"]}
[debug] [2025-11-20T06:11:25.842Z] Checked if tokens are valid: true, expires at: 1763622666224
[debug] [2025-11-20T06:11:25.842Z] Checked if tokens are valid: true, expires at: 1763622666224
[debug] [2025-11-20T06:11:25.843Z] >>> [apiv2][query] GET https://firebaseextensions.googleapis.com/v1beta/projects/biome-865cc/instances pageSize=100&pageToken=
[debug] [2025-11-20T06:11:26.660Z] <<< [apiv2][status] GET https://firebaseextensions.googleapis.com/v1beta/projects/biome-865cc/instances 200
[debug] [2025-11-20T06:11:26.660Z] <<< [apiv2][body] GET https://firebaseextensions.googleapis.com/v1beta/projects/biome-865cc/instances {}
[info] i  functions: preparing functions directory for uploading... 
[info] i  functions: packaged C:\Users\zimm2\Desktop\BioMEDirect\functions (47.74 KB) for uploading 
[debug] [2025-11-20T06:11:26.698Z] Checked if tokens are valid: true, expires at: 1763622666224
[debug] [2025-11-20T06:11:26.698Z] Checked if tokens are valid: true, expires at: 1763622666224
[debug] [2025-11-20T06:11:26.699Z] >>> [apiv2][query] GET https://cloudfunctions.googleapis.com/v1/projects/biome-865cc/locations/-/functions [none]
[debug] [2025-11-20T06:11:27.585Z] <<< [apiv2][status] GET https://cloudfunctions.googleapis.com/v1/projects/biome-865cc/locations/-/functions 200
[debug] [2025-11-20T06:11:27.585Z] <<< [apiv2][body] GET https://cloudfunctions.googleapis.com/v1/projects/biome-865cc/locations/-/functions {}
[debug] [2025-11-20T06:11:27.585Z] Checked if tokens are valid: true, expires at: 1763622666224
[debug] [2025-11-20T06:11:27.585Z] Checked if tokens are valid: true, expires at: 1763622666224
[debug] [2025-11-20T06:11:27.585Z] >>> [apiv2][query] GET https://cloudfunctions.googleapis.com/v2/projects/biome-865cc/locations/-/functions filter=environment%3D%22GEN_2%22
[debug] [2025-11-20T06:11:28.097Z] <<< [apiv2][status] GET https://cloudfunctions.googleapis.com/v2/projects/biome-865cc/locations/-/functions 200
[debug] [2025-11-20T06:11:28.097Z] <<< [apiv2][body] GET https://cloudfunctions.googleapis.com/v2/projects/biome-865cc/locations/-/functions {"functions":[{"name":"projects/biome-865cc/locations/us-central1/functions/generateSrcArray","buildConfig":{"build":"projects/952652458408/locations/us-central1/builds/233bce58-c2fd-4240-b3d7-19bdb84ce922","runtime":"nodejs20","entryPoint":"generateSrcArray","source":{"storageSource":{"bucket":"gcf-v2-sources-952652458408-us-central1","object":"generateSrcArray/function-source.zip","generation":"1763440501795524"}},"environmentVariables":{"GOOGLE_NODE_RUN_SCRIPTS":""},"dockerRepository":"projects/biome-865cc/locations/us-central1/repositories/gcf-artifacts","sourceProvenance":{"resolvedStorageSource":{"bucket":"gcf-v2-sources-952652458408-us-central1","object":"generateSrcArray/function-source.zip","generation":"1763440501795524"}},"dockerRegistry":"ARTIFACT_REGISTRY","serviceAccount":"projects/biome-865cc/serviceAccounts/952652458408-compute@developer.gserviceaccount.com","automaticUpdatePolicy":{}},"serviceConfig":{"service":"projects/biome-865cc/locations/us-central1/services/generatesrcarray","timeoutSeconds":60,"environmentVariables":{"FIREBASE_CONFIG":"{\"projectId\":\"biome-865cc\",\"storageBucket\":\"biome-865cc.firebasestorage.app\"}","GCLOUD_PROJECT":"biome-865cc","EVENTARC_CLOUD_EVENT_SOURCE":"projects/biome-865cc/locations/us-central1/services/generateSrcArray","FUNCTION_SIGNATURE_TYPE":"cloudevent","FUNCTION_TARGET":"generateSrcArray","LOG_EXECUTION_ID":"true"},"ingressSettings":"ALLOW_ALL","uri":"https://generatesrcarray-g3a7xtp2ya-uc.a.run.app","serviceAccountEmail":"952652458408-compute@developer.gserviceaccount.com","availableMemory":"256Mi","allTrafficOnLatestRevision":true,"revision":"generatesrcarray-00003-san","maxInstanceRequestConcurrency":80,"availableCpu":"1"},"eventTrigger":{"trigger":"projects/biome-865cc/locations/us-central1/triggers/generatesrcarray-509452","triggerRegion":"us-central1","eventType":"google.cloud.storage.object.v1.finalized","eventFilters":[{"attribute":"bucket","value":"biome-865cc.firebasestorage.app"}],"pubsubTopic":"projects/biome-865cc/topics/eventarc-us-central1-generatesrcarray-509452-267","serviceAccountEmail":"952652458408-compute@developer.gserviceaccount.com","retryPolicy":"RETRY_POLICY_DO_NOT_RETRY"},"state":"ACTIVE","updateTime":"2025-11-18T04:36:06.052566383Z","labels":{"deployment-tool":"cli-firebase","firebase-functions-hash":"d52141729a16848a1068e670610e0810581b1ddb"},"environment":"GEN_2","url":"https://us-central1-biome-865cc.cloudfunctions.net/generateSrcArray","createTime":"2025-11-17T08:21:47.444750294Z","satisfiesPzi":true}]}
[info] i  functions: ensuring required API run.googleapis.com is enabled... 
[info] i  functions: ensuring required API eventarc.googleapis.com is enabled... 
[info] i  functions: ensuring required API pubsub.googleapis.com is enabled... 
[info] i  functions: ensuring required API storage.googleapis.com is enabled... 
[info] i  functions: generating the service identity for pubsub.googleapis.com... 
[debug] [2025-11-20T06:11:28.102Z] Checked if tokens are valid: true, expires at: 1763622666224
[debug] [2025-11-20T06:11:28.102Z] Checked if tokens are valid: true, expires at: 1763622666224
[info] i  functions: generating the service identity for eventarc.googleapis.com... 
[debug] [2025-11-20T06:11:28.103Z] Checked if tokens are valid: true, expires at: 1763622666224
[debug] [2025-11-20T06:11:28.103Z] Checked if tokens are valid: true, expires at: 1763622666224
[debug] [2025-11-20T06:11:28.103Z] >>> [apiv2][query] POST https://serviceusage.googleapis.com/v1beta1/projects/952652458408/services/pubsub.googleapis.com:generateServiceIdentity [none]
[debug] [2025-11-20T06:11:28.103Z] >>> [apiv2][(partial)header] POST https://serviceusage.googleapis.com/v1beta1/projects/952652458408/services/pubsub.googleapis.com:generateServiceIdentity x-goog-quota-user=projects/952652458408
[debug] [2025-11-20T06:11:28.103Z] >>> [apiv2][body] POST https://serviceusage.googleapis.com/v1beta1/projects/952652458408/services/pubsub.googleapis.com:generateServiceIdentity {}
[debug] [2025-11-20T06:11:28.104Z] >>> [apiv2][query] POST https://serviceusage.googleapis.com/v1beta1/projects/952652458408/services/eventarc.googleapis.com:generateServiceIdentity [none]
[debug] [2025-11-20T06:11:28.104Z] >>> [apiv2][(partial)header] POST https://serviceusage.googleapis.com/v1beta1/projects/952652458408/services/eventarc.googleapis.com:generateServiceIdentity x-goog-quota-user=projects/952652458408
[debug] [2025-11-20T06:11:28.104Z] >>> [apiv2][body] POST https://serviceusage.googleapis.com/v1beta1/projects/952652458408/services/eventarc.googleapis.com:generateServiceIdentity {}
[debug] [2025-11-20T06:11:28.811Z] <<< [apiv2][status] POST https://serviceusage.googleapis.com/v1beta1/projects/952652458408/services/eventarc.googleapis.com:generateServiceIdentity 200
[debug] [2025-11-20T06:11:28.811Z] <<< [apiv2][body] POST https://serviceusage.googleapis.com/v1beta1/projects/952652458408/services/eventarc.googleapis.com:generateServiceIdentity {"name":"operations/finished.DONE_OPERATION","done":true,"response":{"@type":"type.googleapis.com/google.api.serviceusage.v1beta1.ServiceIdentity","email":"service-952652458408@gcp-sa-eventarc.iam.gserviceaccount.com","uniqueId":"111652892102923076042"}}
[debug] [2025-11-20T06:11:28.811Z] <<< [apiv2][status] POST https://serviceusage.googleapis.com/v1beta1/projects/952652458408/services/pubsub.googleapis.com:generateServiceIdentity 200
[debug] [2025-11-20T06:11:28.811Z] <<< [apiv2][body] POST https://serviceusage.googleapis.com/v1beta1/projects/952652458408/services/pubsub.googleapis.com:generateServiceIdentity {"name":"operations/finished.DONE_OPERATION","done":true,"response":{"@type":"type.googleapis.com/google.api.serviceusage.v1beta1.ServiceIdentity","email":"service-952652458408@gcp-sa-pubsub.iam.gserviceaccount.com","uniqueId":"101713083786448975225"}}
[debug] [2025-11-20T06:11:28.813Z] Checked if tokens are valid: true, expires at: 1763622666224
[debug] [2025-11-20T06:11:28.813Z] Checked if tokens are valid: true, expires at: 1763622666224
[debug] [2025-11-20T06:11:28.813Z] >>> [apiv2][query] GET https://cloudresourcemanager.googleapis.com/v1/projects/biome-865cc [none]
[debug] [2025-11-20T06:11:29.017Z] <<< [apiv2][status] GET https://cloudresourcemanager.googleapis.com/v1/projects/biome-865cc 200
[debug] [2025-11-20T06:11:29.017Z] <<< [apiv2][body] GET https://cloudresourcemanager.googleapis.com/v1/projects/biome-865cc {"projectNumber":"952652458408","projectId":"biome-865cc","lifecycleState":"ACTIVE","name":"BioME","labels":{"firebase":"enabled","firebase-core":"disabled"},"createTime":"2025-11-16T23:46:33.065732Z","parent":{"type":"organization","id":"700716616277"}}
[debug] [2025-11-20T06:11:29.017Z] Checked if tokens are valid: true, expires at: 1763622666224
[debug] [2025-11-20T06:11:29.017Z] Checked if tokens are valid: true, expires at: 1763622666224
[debug] [2025-11-20T06:11:29.017Z] >>> [apiv2][query] GET https://compute.googleapis.com/compute/v1/projects/952652458408 [none]
[debug] [2025-11-20T06:11:29.529Z] <<< [apiv2][status] GET https://compute.googleapis.com/compute/v1/projects/952652458408 403
[debug] [2025-11-20T06:11:29.529Z] <<< [apiv2][body] GET https://compute.googleapis.com/compute/v1/projects/952652458408 {"error":{"code":403,"message":"Compute Engine API has not been used in project 952652458408 before or it is disabled. Enable it by visiting https://console.developers.google.com/apis/api/compute.googleapis.com/overview?project=952652458408 then retry. If you enabled this API recently, wait a few minutes for the action to propagate to our systems and retry.","errors":[{"message":"Compute Engine API has not been used in project 952652458408 before or it is disabled. Enable it by visiting https://console.developers.google.com/apis/api/compute.googleapis.com/overview?project=952652458408 then retry. If you enabled this API recently, wait a few minutes for the action to propagate to our systems and retry.","domain":"usageLimits","reason":"accessNotConfigured","extendedHelp":"https://console.developers.google.com"}],"status":"PERMISSION_DENIED","details":[{"@type":"type.googleapis.com/google.rpc.ErrorInfo","reason":"SERVICE_DISABLED","domain":"googleapis.com","metadata":{"containerInfo":"952652458408","activationUrl":"https://console.developers.google.com/apis/api/compute.googleapis.com/overview?project=952652458408","consumer":"projects/952652458408","service":"compute.googleapis.com","serviceTitle":"Compute Engine API"}},{"@type":"type.googleapis.com/google.rpc.LocalizedMessage","locale":"en-US","message":"Compute Engine API has not been used in project 952652458408 before or it is disabled. Enable it by visiting https://console.developers.google.com/apis/api/compute.googleapis.com/overview?project=952652458408 then retry. If you enabled this API recently, wait a few minutes for the action to propagate to our systems and retry."},{"@type":"type.googleapis.com/google.rpc.Help","links":[{"description":"Google developers console API activation","url":"https://console.developers.google.com/apis/api/compute.googleapis.com/overview?project=952652458408"}]}]}}
[debug] [2025-11-20T06:11:29.530Z] unable to look up default compute service account. Falling back to 952652458408-compute@developer.gserviceaccount.com. Error: {"name":"FirebaseError","children":[],"context":{"body":{"error":{"code":403,"message":"Compute Engine API has not been used in project 952652458408 before or it is disabled. Enable it by visiting https://console.developers.google.com/apis/api/compute.googleapis.com/overview?project=952652458408 then retry. If you enabled this API recently, wait a few minutes for the action to propagate to our systems and retry.","errors":[{"message":"Compute Engine API has not been used in project 952652458408 before or it is disabled. Enable it by visiting https://console.developers.google.com/apis/api/compute.googleapis.com/overview?project=952652458408 then retry. If you enabled this API recently, wait a few minutes for the action to propagate to our systems and retry.","domain":"usageLimits","reason":"accessNotConfigured","extendedHelp":"https://console.developers.google.com"}],"status":"PERMISSION_DENIED","details":[{"@type":"type.googleapis.com/google.rpc.ErrorInfo","reason":"SERVICE_DISABLED","domain":"googleapis.com","metadata":{"containerInfo":"952652458408","activationUrl":"https://console.developers.google.com/apis/api/compute.googleapis.com/overview?project=952652458408","consumer":"projects/952652458408","service":"compute.googleapis.com","serviceTitle":"Compute Engine API"}},{"@type":"type.googleapis.com/google.rpc.LocalizedMessage","locale":"en-US","message":"Compute Engine API has not been used in project 952652458408 before or it is disabled. Enable it by visiting https://console.developers.google.com/apis/api/compute.googleapis.com/overview?project=952652458408 then retry. If you enabled this API recently, wait a few minutes for the action to propagate to our systems and retry."},{"@type":"type.googleapis.com/google.rpc.Help","links":[{"description":"Google developers console API activation","url":"https://console.developers.google.com/apis/api/compute.googleapis.com/overview?project=952652458408"}]}]}},"response":{"statusCode":403}},"exit":1,"message":"Request to https://compute.googleapis.com/compute/v1/projects/952652458408 had HTTP Error: 403, Compute Engine API has not been used in project 952652458408 before or it is disabled. Enable it by visiting https://console.developers.google.com/apis/api/compute.googleapis.com/overview?project=952652458408 then retry. If you enabled this API recently, wait a few minutes for the action to propagate to our systems and retry.","status":403}
[debug] [2025-11-20T06:11:29.530Z] Checked if tokens are valid: true, expires at: 1763622666224
[debug] [2025-11-20T06:11:29.531Z] Checked if tokens are valid: true, expires at: 1763622666224
[debug] [2025-11-20T06:11:29.531Z] >>> [apiv2][query] GET https://cloudbilling.googleapis.com/v1/projects/biome-865cc/billingInfo [none]
[debug] [2025-11-20T06:11:30.020Z] <<< [apiv2][status] GET https://cloudbilling.googleapis.com/v1/projects/biome-865cc/billingInfo 200
[debug] [2025-11-20T06:11:30.020Z] <<< [apiv2][body] GET https://cloudbilling.googleapis.com/v1/projects/biome-865cc/billingInfo {"name":"projects/biome-865cc/billingInfo","projectId":"biome-865cc","billingAccountName":"billingAccounts/012F0E-23C412-E9F3FD","billingEnabled":true}
[debug] [2025-11-20T06:11:30.021Z] Checked if tokens are valid: true, expires at: 1763622666224
[debug] [2025-11-20T06:11:30.021Z] Checked if tokens are valid: true, expires at: 1763622666224
[debug] [2025-11-20T06:11:30.022Z] >>> [apiv2][query] POST https://cloudfunctions.googleapis.com/v2/projects/biome-865cc/locations/us-central1/functions:generateUploadUrl [none]
[debug] [2025-11-20T06:11:30.301Z] <<< [apiv2][status] POST https://cloudfunctions.googleapis.com/v2/projects/biome-865cc/locations/us-central1/functions:generateUploadUrl 200
[debug] [2025-11-20T06:11:30.301Z] <<< [apiv2][body] POST https://cloudfunctions.googleapis.com/v2/projects/biome-865cc/locations/us-central1/functions:generateUploadUrl {"uploadUrl":"https://storage.googleapis.com/gcf-v2-uploads-952652458408.us-central1.cloudfunctions.appspot.com/2cd06edf-739f-4e3f-93f8-0a38b1c22597.zip?GoogleAccessId=service-952652458408@gcf-admin-robot.iam.gserviceaccount.com&Expires=1763620890&Signature=hgTCxv%2B%2B6U96ORGXD3DhKDe47QOsNXqWinDU0MhOFb3vF868xQrLyf%2B9ihx%2B%2Fcmzh5dupHEaJTmRz%2FlYKndoVj3rVEfMTSnhczgRs2IuTo0nNhajCFvF7tfygwMpPR5mnTOdZCRkuXlS2CfvcqbPC9%2F83Wd4F1c7tiTAUBwGknZfPdtQMsfKELW%2BJcro2LgUmM4phctQkbRzAs2TAVINqh3EKwouwDmarCLVDLIR4Guv0ACC9ewUJxNPTdqLIbeWnXsRKWB1hs%2Bid%2B11HM1IktURR2%2BlS7HTDgX9apGkIrwJcXHo2jrwcpYP%2B4e4obgkp6emIJH1NYpOrHesEUTcgw%3D%3D","storageSource":{"bucket":"gcf-v2-uploads-952652458408.us-central1.cloudfunctions.appspot.com","object":"2cd06edf-739f-4e3f-93f8-0a38b1c22597.zip"}}
[debug] [2025-11-20T06:11:30.302Z] >>> [apiv2][query] PUT https://storage.googleapis.com/gcf-v2-uploads-952652458408.us-central1.cloudfunctions.appspot.com/2cd06edf-739f-4e3f-93f8-0a38b1c22597.zip GoogleAccessId=service-952652458408%40gcf-admin-robot.iam.gserviceaccount.com&Expires=1763620890&Signature=hgTCxv%2B%2B6U96ORGXD3DhKDe47QOsNXqWinDU0MhOFb3vF868xQrLyf%2B9ihx%2B%2Fcmzh5dupHEaJTmRz%2FlYKndoVj3rVEfMTSnhczgRs2IuTo0nNhajCFvF7tfygwMpPR5mnTOdZCRkuXlS2CfvcqbPC9%2F83Wd4F1c7tiTAUBwGknZfPdtQMsfKELW%2BJcro2LgUmM4phctQkbRzAs2TAVINqh3EKwouwDmarCLVDLIR4Guv0ACC9ewUJxNPTdqLIbeWnXsRKWB1hs%2Bid%2B11HM1IktURR2%2BlS7HTDgX9apGkIrwJcXHo2jrwcpYP%2B4e4obgkp6emIJH1NYpOrHesEUTcgw%3D%3D
[debug] [2025-11-20T06:11:30.302Z] >>> [apiv2][body] PUT https://storage.googleapis.com/gcf-v2-uploads-952652458408.us-central1.cloudfunctions.appspot.com/2cd06edf-739f-4e3f-93f8-0a38b1c22597.zip [stream]
[debug] [2025-11-20T06:11:30.851Z] <<< [apiv2][status] PUT https://storage.googleapis.com/gcf-v2-uploads-952652458408.us-central1.cloudfunctions.appspot.com/2cd06edf-739f-4e3f-93f8-0a38b1c22597.zip 200
[debug] [2025-11-20T06:11:30.851Z] <<< [apiv2][body] PUT https://storage.googleapis.com/gcf-v2-uploads-952652458408.us-central1.cloudfunctions.appspot.com/2cd06edf-739f-4e3f-93f8-0a38b1c22597.zip [omitted]
[info] +  functions: functions source uploaded successfully 
[info] i  functions: creating Node.js 20 (2nd Gen) function detectYellowScreen(us-central1)... 
[debug] [2025-11-20T06:11:30.855Z] Checked if tokens are valid: true, expires at: 1763622666224
[debug] [2025-11-20T06:11:30.855Z] Checked if tokens are valid: true, expires at: 1763622666224
[debug] [2025-11-20T06:11:30.855Z] >>> [apiv2][query] POST https://cloudfunctions.googleapis.com/v2/projects/biome-865cc/locations/us-central1/functions functionId=detectYellowScreen
[debug] [2025-11-20T06:11:30.855Z] >>> [apiv2][body] POST https://cloudfunctions.googleapis.com/v2/projects/biome-865cc/locations/us-central1/functions {"name":"projects/biome-865cc/locations/us-central1/functions/detectYellowScreen","buildConfig":{"runtime":"nodejs20","entryPoint":"detectYellowScreen","source":{"storageSource":{"bucket":"gcf-v2-uploads-952652458408.us-central1.cloudfunctions.appspot.com","object":"2cd06edf-739f-4e3f-93f8-0a38b1c22597.zip"}},"environmentVariables":{"GOOGLE_NODE_RUN_SCRIPTS":""}},"serviceConfig":{"environmentVariables":{"FIREBASE_CONFIG":"{\"projectId\":\"biome-865cc\",\"storageBucket\":\"biome-865cc.firebasestorage.app\"}","GCLOUD_PROJECT":"biome-865cc","EVENTARC_CLOUD_EVENT_SOURCE":"projects/biome-865cc/locations/us-central1/services/detectYellowScreen","FUNCTION_TARGET":"detectYellowScreen","LOG_EXECUTION_ID":"true"},"ingressSettings":null,"timeoutSeconds":null,"serviceAccountEmail":null,"availableMemory":"256Mi","minInstanceCount":null,"maxInstanceCount":null,"maxInstanceRequestConcurrency":80,"availableCpu":"1","vpcConnector":null,"vpcConnectorEgressSettings":null},"labels":{"deployment-tool":"cli-firebase","deployment-callable":"true","firebase-functions-hash":"cd3bced981d043089120cbb68afa264d20b830d4"}}
[debug] [2025-11-20T06:11:31.742Z] <<< [apiv2][status] POST https://cloudfunctions.googleapis.com/v2/projects/biome-865cc/locations/us-central1/functions 200
[debug] [2025-11-20T06:11:31.742Z] <<< [apiv2][body] POST https://cloudfunctions.googleapis.com/v2/projects/biome-865cc/locations/us-central1/functions {"name":"projects/biome-865cc/locations/us-central1/operations/operation-1763619090888-64400916e78e6-698b0db4-245ce0e5","metadata":{"@type":"type.googleapis.com/google.cloud.functions.v2.OperationMetadata","createTime":"2025-11-20T06:11:31.486831805Z","target":"projects/biome-865cc/locations/us-central1/functions/detectYellowScreen","verb":"create","cancelRequested":false,"apiVersion":"v2"},"done":false}
[debug] [2025-11-20T06:11:31.743Z] Checked if tokens are valid: true, expires at: 1763622666224
[debug] [2025-11-20T06:11:31.743Z] Checked if tokens are valid: true, expires at: 1763622666224
[debug] [2025-11-20T06:11:31.743Z] >>> [apiv2][query] GET https://cloudfunctions.googleapis.com/v2/projects/biome-865cc/locations/us-central1/operations/operation-1763619090888-64400916e78e6-698b0db4-245ce0e5 [none]
[debug] [2025-11-20T06:11:32.059Z] <<< [apiv2][status] GET https://cloudfunctions.googleapis.com/v2/projects/biome-865cc/locations/us-central1/operations/operation-1763619090888-64400916e78e6-698b0db4-245ce0e5 200
[debug] [2025-11-20T06:11:32.059Z] <<< [apiv2][body] GET https://cloudfunctions.googleapis.com/v2/projects/biome-865cc/locations/us-central1/operations/operation-1763619090888-64400916e78e6-698b0db4-245ce0e5 {"name":"projects/biome-865cc/locations/us-central1/operations/operation-1763619090888-64400916e78e6-698b0db4-245ce0e5","metadata":{"@type":"type.googleapis.com/google.cloud.functions.v2.OperationMetadata","createTime":"2025-11-20T06:11:31.486831805Z","target":"projects/biome-865cc/locations/us-central1/functions/detectYellowScreen","verb":"create","cancelRequested":false,"apiVersion":"v2","requestResource":{"@type":"type.googleapis.com/google.cloud.functions.v2.Function","name":"projects/biome-865cc/locations/us-central1/functions/detectYellowScreen","buildConfig":{"runtime":"nodejs20","entryPoint":"detectYellowScreen","source":{"storageSource":{"bucket":"gcf-v2-sources-952652458408-us-central1","object":"detectYellowScreen/function-source.zip","generation":"1763619091207926"}},"environmentVariables":{"GOOGLE_NODE_RUN_SCRIPTS":""},"serviceAccount":"projects/biome-865cc/serviceAccounts/952652458408-compute@developer.gserviceaccount.com","automaticUpdatePolicy":{}},"serviceConfig":{"service":"projects/biome-865cc/locations/us-central1/services/detectyellowscreen","timeoutSeconds":60,"environmentVariables":{"FIREBASE_CONFIG":"{\"projectId\":\"biome-865cc\",\"storageBucket\":\"biome-865cc.firebasestorage.app\"}","GCLOUD_PROJECT":"biome-865cc","EVENTARC_CLOUD_EVENT_SOURCE":"projects/biome-865cc/locations/us-central1/services/detectYellowScreen","FUNCTION_TARGET":"detectYellowScreen","LOG_EXECUTION_ID":"true"},"ingressSettings":"ALLOW_ALL","serviceAccountEmail":"952652458408-compute@developer.gserviceaccount.com","availableMemory":"256Mi","maxInstanceRequestConcurrency":80,"availableCpu":"1"},"labels":{"deployment-tool":"cli-firebase","deployment-callable":"true","firebase-functions-hash":"cd3bced981d043089120cbb68afa264d20b830d4"},"environment":"GEN_2"},"stages":[{"name":"BUILD","state":"NOT_STARTED"},{"name":"SERVICE","state":"NOT_STARTED"}],"operationType":"CREATE_FUNCTION"},"done":false}
[debug] [2025-11-20T06:11:32.575Z] [create-default-us-central1-detectYellowScreen] Retrying task index 0
[debug] [2025-11-20T06:11:32.575Z] Checked if tokens are valid: true, expires at: 1763622666224
[debug] [2025-11-20T06:11:32.575Z] Checked if tokens are valid: true, expires at: 1763622666224
[debug] [2025-11-20T06:11:32.575Z] >>> [apiv2][query] GET https://cloudfunctions.googleapis.com/v2/projects/biome-865cc/locations/us-central1/operations/operation-1763619090888-64400916e78e6-698b0db4-245ce0e5 [none]
[debug] [2025-11-20T06:11:32.875Z] <<< [apiv2][status] GET https://cloudfunctions.googleapis.com/v2/projects/biome-865cc/locations/us-central1/operations/operation-1763619090888-64400916e78e6-698b0db4-245ce0e5 200
[debug] [2025-11-20T06:11:32.876Z] <<< [apiv2][body] GET https://cloudfunctions.googleapis.com/v2/projects/biome-865cc/locations/us-central1/operations/operation-1763619090888-64400916e78e6-698b0db4-245ce0e5 {"name":"projects/biome-865cc/locations/us-central1/operations/operation-1763619090888-64400916e78e6-698b0db4-245ce0e5","metadata":{"@type":"type.googleapis.com/google.cloud.functions.v2.OperationMetadata","createTime":"2025-11-20T06:11:31.486831805Z","target":"projects/biome-865cc/locations/us-central1/functions/detectYellowScreen","verb":"create","cancelRequested":false,"apiVersion":"v2","requestResource":{"@type":"type.googleapis.com/google.cloud.functions.v2.Function","name":"projects/biome-865cc/locations/us-central1/functions/detectYellowScreen","buildConfig":{"runtime":"nodejs20","entryPoint":"detectYellowScreen","source":{"storageSource":{"bucket":"gcf-v2-sources-952652458408-us-central1","object":"detectYellowScreen/function-source.zip","generation":"1763619091207926"}},"environmentVariables":{"GOOGLE_NODE_RUN_SCRIPTS":""},"serviceAccount":"projects/biome-865cc/serviceAccounts/952652458408-compute@developer.gserviceaccount.com","automaticUpdatePolicy":{}},"serviceConfig":{"service":"projects/biome-865cc/locations/us-central1/services/detectyellowscreen","timeoutSeconds":60,"environmentVariables":{"FIREBASE_CONFIG":"{\"projectId\":\"biome-865cc\",\"storageBucket\":\"biome-865cc.firebasestorage.app\"}","GCLOUD_PROJECT":"biome-865cc","EVENTARC_CLOUD_EVENT_SOURCE":"projects/biome-865cc/locations/us-central1/services/detectYellowScreen","FUNCTION_TARGET":"detectYellowScreen","LOG_EXECUTION_ID":"true"},"ingressSettings":"ALLOW_ALL","serviceAccountEmail":"952652458408-compute@developer.gserviceaccount.com","availableMemory":"256Mi","maxInstanceRequestConcurrency":80,"availableCpu":"1"},"labels":{"deployment-tool":"cli-firebase","deployment-callable":"true","firebase-functions-hash":"cd3bced981d043089120cbb68afa264d20b830d4"},"environment":"GEN_2"},"stages":[{"name":"BUILD","message":"Creating build","state":"IN_PROGRESS","resource":"projects/952652458408/locations/us-central1/builds/eef88b8f-d388-4c18-8a5f-ce20ae035174","resourceUri":"https://console.cloud.google.com/cloud-build/builds;region=us-central1/eef88b8f-d388-4c18-8a5f-ce20ae035174?project=952652458408"},{"name":"SERVICE","state":"NOT_STARTED"}],"operationType":"CREATE_FUNCTION","buildName":"projects/952652458408/locations/us-central1/builds/eef88b8f-d388-4c18-8a5f-ce20ae035174"},"done":false}
[debug] [2025-11-20T06:11:33.884Z] [create-default-us-central1-detectYellowScreen] Retrying task index 0
[debug] [2025-11-20T06:11:33.884Z] Checked if tokens are valid: true, expires at: 1763622666224
[debug] [2025-11-20T06:11:33.884Z] Checked if tokens are valid: true, expires at: 1763622666224
[debug] [2025-11-20T06:11:33.885Z] >>> [apiv2][query] GET https://cloudfunctions.googleapis.com/v2/projects/biome-865cc/locations/us-central1/operations/operation-1763619090888-64400916e78e6-698b0db4-245ce0e5 [none]
[debug] [2025-11-20T06:11:34.161Z] <<< [apiv2][status] GET https://cloudfunctions.googleapis.com/v2/projects/biome-865cc/locations/us-central1/operations/operation-1763619090888-64400916e78e6-698b0db4-245ce0e5 200
[debug] [2025-11-20T06:11:34.161Z] <<< [apiv2][body] GET https://cloudfunctions.googleapis.com/v2/projects/biome-865cc/locations/us-central1/operations/operation-1763619090888-64400916e78e6-698b0db4-245ce0e5 {"name":"projects/biome-865cc/locations/us-central1/operations/operation-1763619090888-64400916e78e6-698b0db4-245ce0e5","metadata":{"@type":"type.googleapis.com/google.cloud.functions.v2.OperationMetadata","createTime":"2025-11-20T06:11:31.486831805Z","target":"projects/biome-865cc/locations/us-central1/functions/detectYellowScreen","verb":"create","cancelRequested":false,"apiVersion":"v2","requestResource":{"@type":"type.googleapis.com/google.cloud.functions.v2.Function","name":"projects/biome-865cc/locations/us-central1/functions/detectYellowScreen","buildConfig":{"runtime":"nodejs20","entryPoint":"detectYellowScreen","source":{"storageSource":{"bucket":"gcf-v2-sources-952652458408-us-central1","object":"detectYellowScreen/function-source.zip","generation":"1763619091207926"}},"environmentVariables":{"GOOGLE_NODE_RUN_SCRIPTS":""},"serviceAccount":"projects/biome-865cc/serviceAccounts/952652458408-compute@developer.gserviceaccount.com","automaticUpdatePolicy":{}},"serviceConfig":{"service":"projects/biome-865cc/locations/us-central1/services/detectyellowscreen","timeoutSeconds":60,"environmentVariables":{"FIREBASE_CONFIG":"{\"projectId\":\"biome-865cc\",\"storageBucket\":\"biome-865cc.firebasestorage.app\"}","GCLOUD_PROJECT":"biome-865cc","EVENTARC_CLOUD_EVENT_SOURCE":"projects/biome-865cc/locations/us-central1/services/detectYellowScreen","FUNCTION_TARGET":"detectYellowScreen","LOG_EXECUTION_ID":"true"},"ingressSettings":"ALLOW_ALL","serviceAccountEmail":"952652458408-compute@developer.gserviceaccount.com","availableMemory":"256Mi","maxInstanceRequestConcurrency":80,"availableCpu":"1"},"labels":{"deployment-tool":"cli-firebase","deployment-callable":"true","firebase-functions-hash":"cd3bced981d043089120cbb68afa264d20b830d4"},"environment":"GEN_2"},"stages":[{"name":"BUILD","message":"Build in progress","state":"IN_PROGRESS","resource":"projects/952652458408/locations/us-central1/builds/eef88b8f-d388-4c18-8a5f-ce20ae035174","resourceUri":"https://console.cloud.google.com/cloud-build/builds;region=us-central1/eef88b8f-d388-4c18-8a5f-ce20ae035174?project=952652458408"},{"name":"SERVICE","state":"NOT_STARTED"}],"operationType":"CREATE_FUNCTION","buildName":"projects/952652458408/locations/us-central1/builds/eef88b8f-d388-4c18-8a5f-ce20ae035174"},"done":false}
[debug] [2025-11-20T06:11:36.170Z] [create-default-us-central1-detectYellowScreen] Retrying task index 0
[debug] [2025-11-20T06:11:36.170Z] Checked if tokens are valid: true, expires at: 1763622666224
[debug] [2025-11-20T06:11:36.170Z] Checked if tokens are valid: true, expires at: 1763622666224
[debug] [2025-11-20T06:11:36.170Z] >>> [apiv2][query] GET https://cloudfunctions.googleapis.com/v2/projects/biome-865cc/locations/us-central1/operations/operation-1763619090888-64400916e78e6-698b0db4-245ce0e5 [none]
[debug] [2025-11-20T06:11:36.493Z] <<< [apiv2][status] GET https://cloudfunctions.googleapis.com/v2/projects/biome-865cc/locations/us-central1/operations/operation-1763619090888-64400916e78e6-698b0db4-245ce0e5 200
[debug] [2025-11-20T06:11:36.493Z] <<< [apiv2][body] GET https://cloudfunctions.googleapis.com/v2/projects/biome-865cc/locations/us-central1/operations/operation-1763619090888-64400916e78e6-698b0db4-245ce0e5 {"name":"projects/biome-865cc/locations/us-central1/operations/operation-1763619090888-64400916e78e6-698b0db4-245ce0e5","metadata":{"@type":"type.googleapis.com/google.cloud.functions.v2.OperationMetadata","createTime":"2025-11-20T06:11:31.486831805Z","target":"projects/biome-865cc/locations/us-central1/functions/detectYellowScreen","verb":"create","cancelRequested":false,"apiVersion":"v2","requestResource":{"@type":"type.googleapis.com/google.cloud.functions.v2.Function","name":"projects/biome-865cc/locations/us-central1/functions/detectYellowScreen","buildConfig":{"runtime":"nodejs20","entryPoint":"detectYellowScreen","source":{"storageSource":{"bucket":"gcf-v2-sources-952652458408-us-central1","object":"detectYellowScreen/function-source.zip","generation":"1763619091207926"}},"environmentVariables":{"GOOGLE_NODE_RUN_SCRIPTS":""},"serviceAccount":"projects/biome-865cc/serviceAccounts/952652458408-compute@developer.gserviceaccount.com","automaticUpdatePolicy":{}},"serviceConfig":{"service":"projects/biome-865cc/locations/us-central1/services/detectyellowscreen","timeoutSeconds":60,"environmentVariables":{"FIREBASE_CONFIG":"{\"projectId\":\"biome-865cc\",\"storageBucket\":\"biome-865cc.firebasestorage.app\"}","GCLOUD_PROJECT":"biome-865cc","EVENTARC_CLOUD_EVENT_SOURCE":"projects/biome-865cc/locations/us-central1/services/detectYellowScreen","FUNCTION_TARGET":"detectYellowScreen","LOG_EXECUTION_ID":"true"},"ingressSettings":"ALLOW_ALL","serviceAccountEmail":"952652458408-compute@developer.gserviceaccount.com","availableMemory":"256Mi","maxInstanceRequestConcurrency":80,"availableCpu":"1"},"labels":{"deployment-tool":"cli-firebase","deployment-callable":"true","firebase-functions-hash":"cd3bced981d043089120cbb68afa264d20b830d4"},"environment":"GEN_2"},"stages":[{"name":"BUILD","message":"Build in progress","state":"IN_PROGRESS","resource":"projects/952652458408/locations/us-central1/builds/eef88b8f-d388-4c18-8a5f-ce20ae035174","resourceUri":"https://console.cloud.google.com/cloud-build/builds;region=us-central1/eef88b8f-d388-4c18-8a5f-ce20ae035174?project=952652458408"},{"name":"SERVICE","state":"NOT_STARTED"}],"operationType":"CREATE_FUNCTION","buildName":"projects/952652458408/locations/us-central1/builds/eef88b8f-d388-4c18-8a5f-ce20ae035174"},"done":false}
[debug] [2025-11-20T06:11:40.502Z] [create-default-us-central1-detectYellowScreen] Retrying task index 0
[debug] [2025-11-20T06:11:40.502Z] Checked if tokens are valid: true, expires at: 1763622666224
[debug] [2025-11-20T06:11:40.502Z] Checked if tokens are valid: true, expires at: 1763622666224
[debug] [2025-11-20T06:11:40.502Z] >>> [apiv2][query] GET https://cloudfunctions.googleapis.com/v2/projects/biome-865cc/locations/us-central1/operations/operation-1763619090888-64400916e78e6-698b0db4-245ce0e5 [none]
[debug] [2025-11-20T06:11:40.795Z] <<< [apiv2][status] GET https://cloudfunctions.googleapis.com/v2/projects/biome-865cc/locations/us-central1/operations/operation-1763619090888-64400916e78e6-698b0db4-245ce0e5 200
[debug] [2025-11-20T06:11:40.795Z] <<< [apiv2][body] GET https://cloudfunctions.googleapis.com/v2/projects/biome-865cc/locations/us-central1/operations/operation-1763619090888-64400916e78e6-698b0db4-245ce0e5 {"name":"projects/biome-865cc/locations/us-central1/operations/operation-1763619090888-64400916e78e6-698b0db4-245ce0e5","metadata":{"@type":"type.googleapis.com/google.cloud.functions.v2.OperationMetadata","createTime":"2025-11-20T06:11:31.486831805Z","target":"projects/biome-865cc/locations/us-central1/functions/detectYellowScreen","verb":"create","cancelRequested":false,"apiVersion":"v2","requestResource":{"@type":"type.googleapis.com/google.cloud.functions.v2.Function","name":"projects/biome-865cc/locations/us-central1/functions/detectYellowScreen","buildConfig":{"runtime":"nodejs20","entryPoint":"detectYellowScreen","source":{"storageSource":{"bucket":"gcf-v2-sources-952652458408-us-central1","object":"detectYellowScreen/function-source.zip","generation":"1763619091207926"}},"environmentVariables":{"GOOGLE_NODE_RUN_SCRIPTS":""},"serviceAccount":"projects/biome-865cc/serviceAccounts/952652458408-compute@developer.gserviceaccount.com","automaticUpdatePolicy":{}},"serviceConfig":{"service":"projects/biome-865cc/locations/us-central1/services/detectyellowscreen","timeoutSeconds":60,"environmentVariables":{"FIREBASE_CONFIG":"{\"projectId\":\"biome-865cc\",\"storageBucket\":\"biome-865cc.firebasestorage.app\"}","GCLOUD_PROJECT":"biome-865cc","EVENTARC_CLOUD_EVENT_SOURCE":"projects/biome-865cc/locations/us-central1/services/detectYellowScreen","FUNCTION_TARGET":"detectYellowScreen","LOG_EXECUTION_ID":"true"},"ingressSettings":"ALLOW_ALL","serviceAccountEmail":"952652458408-compute@developer.gserviceaccount.com","availableMemory":"256Mi","maxInstanceRequestConcurrency":80,"availableCpu":"1"},"labels":{"deployment-tool":"cli-firebase","deployment-callable":"true","firebase-functions-hash":"cd3bced981d043089120cbb68afa264d20b830d4"},"environment":"GEN_2"},"stages":[{"name":"BUILD","message":"Build in progress","state":"IN_PROGRESS","resource":"projects/952652458408/locations/us-central1/builds/eef88b8f-d388-4c18-8a5f-ce20ae035174","resourceUri":"https://console.cloud.google.com/cloud-build/builds;region=us-central1/eef88b8f-d388-4c18-8a5f-ce20ae035174?project=952652458408"},{"name":"SERVICE","state":"NOT_STARTED"}],"operationType":"CREATE_FUNCTION","buildName":"projects/952652458408/locations/us-central1/builds/eef88b8f-d388-4c18-8a5f-ce20ae035174"},"done":false}
[debug] [2025-11-20T06:11:48.805Z] [create-default-us-central1-detectYellowScreen] Retrying task index 0
[debug] [2025-11-20T06:11:48.805Z] Checked if tokens are valid: true, expires at: 1763622666224
[debug] [2025-11-20T06:11:48.806Z] Checked if tokens are valid: true, expires at: 1763622666224
[debug] [2025-11-20T06:11:48.806Z] >>> [apiv2][query] GET https://cloudfunctions.googleapis.com/v2/projects/biome-865cc/locations/us-central1/operations/operation-1763619090888-64400916e78e6-698b0db4-245ce0e5 [none]
[debug] [2025-11-20T06:11:49.501Z] <<< [apiv2][status] GET https://cloudfunctions.googleapis.com/v2/projects/biome-865cc/locations/us-central1/operations/operation-1763619090888-64400916e78e6-698b0db4-245ce0e5 200
[debug] [2025-11-20T06:11:49.501Z] <<< [apiv2][body] GET https://cloudfunctions.googleapis.com/v2/projects/biome-865cc/locations/us-central1/operations/operation-1763619090888-64400916e78e6-698b0db4-245ce0e5 {"name":"projects/biome-865cc/locations/us-central1/operations/operation-1763619090888-64400916e78e6-698b0db4-245ce0e5","metadata":{"@type":"type.googleapis.com/google.cloud.functions.v2.OperationMetadata","createTime":"2025-11-20T06:11:31.486831805Z","target":"projects/biome-865cc/locations/us-central1/functions/detectYellowScreen","verb":"create","cancelRequested":false,"apiVersion":"v2","requestResource":{"@type":"type.googleapis.com/google.cloud.functions.v2.Function","name":"projects/biome-865cc/locations/us-central1/functions/detectYellowScreen","buildConfig":{"runtime":"nodejs20","entryPoint":"detectYellowScreen","source":{"storageSource":{"bucket":"gcf-v2-sources-952652458408-us-central1","object":"detectYellowScreen/function-source.zip","generation":"1763619091207926"}},"environmentVariables":{"GOOGLE_NODE_RUN_SCRIPTS":""},"serviceAccount":"projects/biome-865cc/serviceAccounts/952652458408-compute@developer.gserviceaccount.com","automaticUpdatePolicy":{}},"serviceConfig":{"service":"projects/biome-865cc/locations/us-central1/services/detectyellowscreen","timeoutSeconds":60,"environmentVariables":{"FIREBASE_CONFIG":"{\"projectId\":\"biome-865cc\",\"storageBucket\":\"biome-865cc.firebasestorage.app\"}","GCLOUD_PROJECT":"biome-865cc","EVENTARC_CLOUD_EVENT_SOURCE":"projects/biome-865cc/locations/us-central1/services/detectYellowScreen","FUNCTION_TARGET":"detectYellowScreen","LOG_EXECUTION_ID":"true"},"ingressSettings":"ALLOW_ALL","serviceAccountEmail":"952652458408-compute@developer.gserviceaccount.com","availableMemory":"256Mi","maxInstanceRequestConcurrency":80,"availableCpu":"1"},"labels":{"deployment-tool":"cli-firebase","deployment-callable":"true","firebase-functions-hash":"cd3bced981d043089120cbb68afa264d20b830d4"},"environment":"GEN_2"},"stages":[{"name":"BUILD","message":"Build in progress","state":"IN_PROGRESS","resource":"projects/952652458408/locations/us-central1/builds/eef88b8f-d388-4c18-8a5f-ce20ae035174","resourceUri":"https://console.cloud.google.com/cloud-build/builds;region=us-central1/eef88b8f-d388-4c18-8a5f-ce20ae035174?project=952652458408"},{"name":"SERVICE","state":"NOT_STARTED"}],"operationType":"CREATE_FUNCTION","buildName":"projects/952652458408/locations/us-central1/builds/eef88b8f-d388-4c18-8a5f-ce20ae035174"},"done":false}
[debug] [2025-11-20T06:11:59.506Z] [create-default-us-central1-detectYellowScreen] Retrying task index 0
[debug] [2025-11-20T06:11:59.506Z] Checked if tokens are valid: true, expires at: 1763622666224
[debug] [2025-11-20T06:11:59.506Z] Checked if tokens are valid: true, expires at: 1763622666224
[debug] [2025-11-20T06:11:59.506Z] >>> [apiv2][query] GET https://cloudfunctions.googleapis.com/v2/projects/biome-865cc/locations/us-central1/operations/operation-1763619090888-64400916e78e6-698b0db4-245ce0e5 [none]
[debug] [2025-11-20T06:12:00.046Z] <<< [apiv2][status] GET https://cloudfunctions.googleapis.com/v2/projects/biome-865cc/locations/us-central1/operations/operation-1763619090888-64400916e78e6-698b0db4-245ce0e5 200
[debug] [2025-11-20T06:12:00.046Z] <<< [apiv2][body] GET https://cloudfunctions.googleapis.com/v2/projects/biome-865cc/locations/us-central1/operations/operation-1763619090888-64400916e78e6-698b0db4-245ce0e5 {"name":"projects/biome-865cc/locations/us-central1/operations/operation-1763619090888-64400916e78e6-698b0db4-245ce0e5","metadata":{"@type":"type.googleapis.com/google.cloud.functions.v2.OperationMetadata","createTime":"2025-11-20T06:11:31.486831805Z","target":"projects/biome-865cc/locations/us-central1/functions/detectYellowScreen","verb":"create","cancelRequested":false,"apiVersion":"v2","requestResource":{"@type":"type.googleapis.com/google.cloud.functions.v2.Function","name":"projects/biome-865cc/locations/us-central1/functions/detectYellowScreen","buildConfig":{"runtime":"nodejs20","entryPoint":"detectYellowScreen","source":{"storageSource":{"bucket":"gcf-v2-sources-952652458408-us-central1","object":"detectYellowScreen/function-source.zip","generation":"1763619091207926"}},"environmentVariables":{"GOOGLE_NODE_RUN_SCRIPTS":""},"serviceAccount":"projects/biome-865cc/serviceAccounts/952652458408-compute@developer.gserviceaccount.com","automaticUpdatePolicy":{}},"serviceConfig":{"service":"projects/biome-865cc/locations/us-central1/services/detectyellowscreen","timeoutSeconds":60,"environmentVariables":{"FIREBASE_CONFIG":"{\"projectId\":\"biome-865cc\",\"storageBucket\":\"biome-865cc.firebasestorage.app\"}","GCLOUD_PROJECT":"biome-865cc","EVENTARC_CLOUD_EVENT_SOURCE":"projects/biome-865cc/locations/us-central1/services/detectYellowScreen","FUNCTION_TARGET":"detectYellowScreen","LOG_EXECUTION_ID":"true"},"ingressSettings":"ALLOW_ALL","serviceAccountEmail":"952652458408-compute@developer.gserviceaccount.com","availableMemory":"256Mi","maxInstanceRequestConcurrency":80,"availableCpu":"1"},"labels":{"deployment-tool":"cli-firebase","deployment-callable":"true","firebase-functions-hash":"cd3bced981d043089120cbb68afa264d20b830d4"},"environment":"GEN_2"},"stages":[{"name":"BUILD","message":"Build in progress","state":"IN_PROGRESS","resource":"projects/952652458408/locations/us-central1/builds/eef88b8f-d388-4c18-8a5f-ce20ae035174","resourceUri":"https://console.cloud.google.com/cloud-build/builds;region=us-central1/eef88b8f-d388-4c18-8a5f-ce20ae035174?project=952652458408"},{"name":"SERVICE","state":"NOT_STARTED"}],"operationType":"CREATE_FUNCTION","buildName":"projects/952652458408/locations/us-central1/builds/eef88b8f-d388-4c18-8a5f-ce20ae035174"},"done":false}
[debug] [2025-11-20T06:12:10.054Z] [create-default-us-central1-detectYellowScreen] Retrying task index 0
[debug] [2025-11-20T06:12:10.054Z] Checked if tokens are valid: true, expires at: 1763622666224
[debug] [2025-11-20T06:12:10.054Z] Checked if tokens are valid: true, expires at: 1763622666224
[debug] [2025-11-20T06:12:10.054Z] >>> [apiv2][query] GET https://cloudfunctions.googleapis.com/v2/projects/biome-865cc/locations/us-central1/operations/operation-1763619090888-64400916e78e6-698b0db4-245ce0e5 [none]
[debug] [2025-11-20T06:12:10.847Z] <<< [apiv2][status] GET https://cloudfunctions.googleapis.com/v2/projects/biome-865cc/locations/us-central1/operations/operation-1763619090888-64400916e78e6-698b0db4-245ce0e5 200
[debug] [2025-11-20T06:12:10.847Z] <<< [apiv2][body] GET https://cloudfunctions.googleapis.com/v2/projects/biome-865cc/locations/us-central1/operations/operation-1763619090888-64400916e78e6-698b0db4-245ce0e5 {"name":"projects/biome-865cc/locations/us-central1/operations/operation-1763619090888-64400916e78e6-698b0db4-245ce0e5","metadata":{"@type":"type.googleapis.com/google.cloud.functions.v2.OperationMetadata","createTime":"2025-11-20T06:11:31.486831805Z","target":"projects/biome-865cc/locations/us-central1/functions/detectYellowScreen","verb":"create","cancelRequested":false,"apiVersion":"v2","requestResource":{"@type":"type.googleapis.com/google.cloud.functions.v2.Function","name":"projects/biome-865cc/locations/us-central1/functions/detectYellowScreen","buildConfig":{"runtime":"nodejs20","entryPoint":"detectYellowScreen","source":{"storageSource":{"bucket":"gcf-v2-sources-952652458408-us-central1","object":"detectYellowScreen/function-source.zip","generation":"1763619091207926"}},"environmentVariables":{"GOOGLE_NODE_RUN_SCRIPTS":""},"serviceAccount":"projects/biome-865cc/serviceAccounts/952652458408-compute@developer.gserviceaccount.com","automaticUpdatePolicy":{}},"serviceConfig":{"service":"projects/biome-865cc/locations/us-central1/services/detectyellowscreen","timeoutSeconds":60,"environmentVariables":{"FIREBASE_CONFIG":"{\"projectId\":\"biome-865cc\",\"storageBucket\":\"biome-865cc.firebasestorage.app\"}","GCLOUD_PROJECT":"biome-865cc","EVENTARC_CLOUD_EVENT_SOURCE":"projects/biome-865cc/locations/us-central1/services/detectYellowScreen","FUNCTION_TARGET":"detectYellowScreen","LOG_EXECUTION_ID":"true"},"ingressSettings":"ALLOW_ALL","serviceAccountEmail":"952652458408-compute@developer.gserviceaccount.com","availableMemory":"256Mi","maxInstanceRequestConcurrency":80,"availableCpu":"1"},"labels":{"deployment-tool":"cli-firebase","deployment-callable":"true","firebase-functions-hash":"cd3bced981d043089120cbb68afa264d20b830d4"},"environment":"GEN_2"},"stages":[{"name":"BUILD","message":"Build in progress","state":"IN_PROGRESS","resource":"projects/952652458408/locations/us-central1/builds/eef88b8f-d388-4c18-8a5f-ce20ae035174","resourceUri":"https://console.cloud.google.com/cloud-build/builds;region=us-central1/eef88b8f-d388-4c18-8a5f-ce20ae035174?project=952652458408"},{"name":"SERVICE","state":"NOT_STARTED"}],"operationType":"CREATE_FUNCTION","buildName":"projects/952652458408/locations/us-central1/builds/eef88b8f-d388-4c18-8a5f-ce20ae035174"},"done":false}
[debug] [2025-11-20T06:12:20.850Z] [create-default-us-central1-detectYellowScreen] Retrying task index 0
[debug] [2025-11-20T06:12:20.850Z] Checked if tokens are valid: true, expires at: 1763622666224
[debug] [2025-11-20T06:12:20.850Z] Checked if tokens are valid: true, expires at: 1763622666224
[debug] [2025-11-20T06:12:20.850Z] >>> [apiv2][query] GET https://cloudfunctions.googleapis.com/v2/projects/biome-865cc/locations/us-central1/operations/operation-1763619090888-64400916e78e6-698b0db4-245ce0e5 [none]
[debug] [2025-11-20T06:12:21.654Z] <<< [apiv2][status] GET https://cloudfunctions.googleapis.com/v2/projects/biome-865cc/locations/us-central1/operations/operation-1763619090888-64400916e78e6-698b0db4-245ce0e5 200
[debug] [2025-11-20T06:12:21.654Z] <<< [apiv2][body] GET https://cloudfunctions.googleapis.com/v2/projects/biome-865cc/locations/us-central1/operations/operation-1763619090888-64400916e78e6-698b0db4-245ce0e5 {"name":"projects/biome-865cc/locations/us-central1/operations/operation-1763619090888-64400916e78e6-698b0db4-245ce0e5","metadata":{"@type":"type.googleapis.com/google.cloud.functions.v2.OperationMetadata","createTime":"2025-11-20T06:11:31.486831805Z","target":"projects/biome-865cc/locations/us-central1/functions/detectYellowScreen","verb":"create","cancelRequested":false,"apiVersion":"v2","requestResource":{"@type":"type.googleapis.com/google.cloud.functions.v2.Function","name":"projects/biome-865cc/locations/us-central1/functions/detectYellowScreen","buildConfig":{"runtime":"nodejs20","entryPoint":"detectYellowScreen","source":{"storageSource":{"bucket":"gcf-v2-sources-952652458408-us-central1","object":"detectYellowScreen/function-source.zip","generation":"1763619091207926"}},"environmentVariables":{"GOOGLE_NODE_RUN_SCRIPTS":""},"serviceAccount":"projects/biome-865cc/serviceAccounts/952652458408-compute@developer.gserviceaccount.com","automaticUpdatePolicy":{}},"serviceConfig":{"service":"projects/biome-865cc/locations/us-central1/services/detectyellowscreen","timeoutSeconds":60,"environmentVariables":{"FIREBASE_CONFIG":"{\"projectId\":\"biome-865cc\",\"storageBucket\":\"biome-865cc.firebasestorage.app\"}","GCLOUD_PROJECT":"biome-865cc","EVENTARC_CLOUD_EVENT_SOURCE":"projects/biome-865cc/locations/us-central1/services/detectYellowScreen","FUNCTION_TARGET":"detectYellowScreen","LOG_EXECUTION_ID":"true"},"ingressSettings":"ALLOW_ALL","serviceAccountEmail":"952652458408-compute@developer.gserviceaccount.com","availableMemory":"256Mi","maxInstanceRequestConcurrency":80,"availableCpu":"1"},"labels":{"deployment-tool":"cli-firebase","deployment-callable":"true","firebase-functions-hash":"cd3bced981d043089120cbb68afa264d20b830d4"},"environment":"GEN_2"},"stages":[{"name":"BUILD","message":"Build in progress","state":"IN_PROGRESS","resource":"projects/952652458408/locations/us-central1/builds/eef88b8f-d388-4c18-8a5f-ce20ae035174","resourceUri":"https://console.cloud.google.com/cloud-build/builds;region=us-central1/eef88b8f-d388-4c18-8a5f-ce20ae035174?project=952652458408"},{"name":"SERVICE","state":"NOT_STARTED"}],"operationType":"CREATE_FUNCTION","buildName":"projects/952652458408/locations/us-central1/builds/eef88b8f-d388-4c18-8a5f-ce20ae035174"},"done":false}
[debug] [2025-11-20T06:12:31.659Z] [create-default-us-central1-detectYellowScreen] Retrying task index 0
[debug] [2025-11-20T06:12:31.659Z] Checked if tokens are valid: true, expires at: 1763622666224
[debug] [2025-11-20T06:12:31.659Z] Checked if tokens are valid: true, expires at: 1763622666224
[debug] [2025-11-20T06:12:31.659Z] >>> [apiv2][query] GET https://cloudfunctions.googleapis.com/v2/projects/biome-865cc/locations/us-central1/operations/operation-1763619090888-64400916e78e6-698b0db4-245ce0e5 [none]
[debug] [2025-11-20T06:12:32.095Z] <<< [apiv2][status] GET https://cloudfunctions.googleapis.com/v2/projects/biome-865cc/locations/us-central1/operations/operation-1763619090888-64400916e78e6-698b0db4-245ce0e5 200
[debug] [2025-11-20T06:12:32.095Z] <<< [apiv2][body] GET https://cloudfunctions.googleapis.com/v2/projects/biome-865cc/locations/us-central1/operations/operation-1763619090888-64400916e78e6-698b0db4-245ce0e5 {"name":"projects/biome-865cc/locations/us-central1/operations/operation-1763619090888-64400916e78e6-698b0db4-245ce0e5","metadata":{"@type":"type.googleapis.com/google.cloud.functions.v2.OperationMetadata","createTime":"2025-11-20T06:11:31.486831805Z","target":"projects/biome-865cc/locations/us-central1/functions/detectYellowScreen","verb":"create","cancelRequested":false,"apiVersion":"v2","requestResource":{"@type":"type.googleapis.com/google.cloud.functions.v2.Function","name":"projects/biome-865cc/locations/us-central1/functions/detectYellowScreen","buildConfig":{"runtime":"nodejs20","entryPoint":"detectYellowScreen","source":{"storageSource":{"bucket":"gcf-v2-sources-952652458408-us-central1","object":"detectYellowScreen/function-source.zip","generation":"1763619091207926"}},"environmentVariables":{"GOOGLE_NODE_RUN_SCRIPTS":""},"serviceAccount":"projects/biome-865cc/serviceAccounts/952652458408-compute@developer.gserviceaccount.com","automaticUpdatePolicy":{}},"serviceConfig":{"service":"projects/biome-865cc/locations/us-central1/services/detectyellowscreen","timeoutSeconds":60,"environmentVariables":{"FIREBASE_CONFIG":"{\"projectId\":\"biome-865cc\",\"storageBucket\":\"biome-865cc.firebasestorage.app\"}","GCLOUD_PROJECT":"biome-865cc","EVENTARC_CLOUD_EVENT_SOURCE":"projects/biome-865cc/locations/us-central1/services/detectYellowScreen","FUNCTION_TARGET":"detectYellowScreen","LOG_EXECUTION_ID":"true"},"ingressSettings":"ALLOW_ALL","serviceAccountEmail":"952652458408-compute@developer.gserviceaccount.com","availableMemory":"256Mi","maxInstanceRequestConcurrency":80,"availableCpu":"1"},"labels":{"deployment-tool":"cli-firebase","deployment-callable":"true","firebase-functions-hash":"cd3bced981d043089120cbb68afa264d20b830d4"},"environment":"GEN_2"},"stages":[{"name":"BUILD","message":"Build finished","state":"COMPLETE","resource":"projects/952652458408/locations/us-central1/builds/eef88b8f-d388-4c18-8a5f-ce20ae035174","resourceUri":"https://console.cloud.google.com/cloud-build/builds;region=us-central1/eef88b8f-d388-4c18-8a5f-ce20ae035174?project=952652458408"},{"name":"SERVICE","message":"Creating Cloud Run service","state":"IN_PROGRESS","resource":"projects/biome-865cc/locations/us-central1/services/detectyellowscreen","resourceUri":"https://console.cloud.google.com/run/detail/us-central1/detectyellowscreen?project=biome-865cc"}],"sourceToken":"Cldwcm9qZWN0cy85NTI2NTI0NTg0MDgvbG9jYXRpb25zL3VzLWNlbnRyYWwxL2J1aWxkcy9lZWY4OGI4Zi1kMzg4LTRjMTgtOGE1Zi1jZTIwYWUwMzUxNzQSb3VzLWNlbnRyYWwxLWRvY2tlci5wa2cuZGV2L2Jpb21lLTg2NWNjL2djZi1hcnRpZmFjdHMvYmlvbWUtLTg2NWNjX191cy0tY2VudHJhbDFfX2RldGVjdF95ZWxsb3dfc2NyZWVuOnZlcnNpb25fMRio04v03BsiR3Byb2plY3RzL2Jpb21lLTg2NWNjL2xvY2F0aW9ucy91cy1jZW50cmFsMS9mdW5jdGlvbnMvZGV0ZWN0WWVsbG93U2NyZWVuKgwIzuL6yAYQ0PH2pgMyCG5vZGVqczIwOnYKI2djci5pby9nYWUtcnVudGltZXMvbm9kZWpzMjA6c3RhYmxlEk91cy1jZW50cmFsMS1kb2NrZXIucGtnLmRldi9zZXJ2ZXJsZXNzLXJ1bnRpbWVzL2dvb2dsZS0yMi1mdWxsL3J1bnRpbWVzL25vZGVqczIwQAE=","operationType":"CREATE_FUNCTION","buildName":"projects/952652458408/locations/us-central1/builds/eef88b8f-d388-4c18-8a5f-ce20ae035174"},"done":false}
[debug] [2025-11-20T06:12:32.095Z] Got source token Cldwcm9qZWN0cy85NTI2NTI0NTg0MDgvbG9jYXRpb25zL3VzLWNlbnRyYWwxL2J1aWxkcy9lZWY4OGI4Zi1kMzg4LTRjMTgtOGE1Zi1jZTIwYWUwMzUxNzQSb3VzLWNlbnRyYWwxLWRvY2tlci5wa2cuZGV2L2Jpb21lLTg2NWNjL2djZi1hcnRpZmFjdHMvYmlvbWUtLTg2NWNjX191cy0tY2VudHJhbDFfX2RldGVjdF95ZWxsb3dfc2NyZWVuOnZlcnNpb25fMRio04v03BsiR3Byb2plY3RzL2Jpb21lLTg2NWNjL2xvY2F0aW9ucy91cy1jZW50cmFsMS9mdW5jdGlvbnMvZGV0ZWN0WWVsbG93U2NyZWVuKgwIzuL6yAYQ0PH2pgMyCG5vZGVqczIwOnYKI2djci5pby9nYWUtcnVudGltZXMvbm9kZWpzMjA6c3RhYmxlEk91cy1jZW50cmFsMS1kb2NrZXIucGtnLmRldi9zZXJ2ZXJsZXNzLXJ1bnRpbWVzL2dvb2dsZS0yMi1mdWxsL3J1bnRpbWVzL25vZGVqczIwQAE= for region us-central1
[debug] [2025-11-20T06:12:42.109Z] [create-default-us-central1-detectYellowScreen] Retrying task index 0
[debug] [2025-11-20T06:12:42.110Z] Checked if tokens are valid: true, expires at: 1763622666224
[debug] [2025-11-20T06:12:42.110Z] Checked if tokens are valid: true, expires at: 1763622666224
[debug] [2025-11-20T06:12:42.110Z] >>> [apiv2][query] GET https://cloudfunctions.googleapis.com/v2/projects/biome-865cc/locations/us-central1/operations/operation-1763619090888-64400916e78e6-698b0db4-245ce0e5 [none]
[debug] [2025-11-20T06:12:42.646Z] <<< [apiv2][status] GET https://cloudfunctions.googleapis.com/v2/projects/biome-865cc/locations/us-central1/operations/operation-1763619090888-64400916e78e6-698b0db4-245ce0e5 200
[debug] [2025-11-20T06:12:42.646Z] <<< [apiv2][body] GET https://cloudfunctions.googleapis.com/v2/projects/biome-865cc/locations/us-central1/operations/operation-1763619090888-64400916e78e6-698b0db4-245ce0e5 {"name":"projects/biome-865cc/locations/us-central1/operations/operation-1763619090888-64400916e78e6-698b0db4-245ce0e5","metadata":{"@type":"type.googleapis.com/google.cloud.functions.v2.OperationMetadata","createTime":"2025-11-20T06:11:31.486831805Z","target":"projects/biome-865cc/locations/us-central1/functions/detectYellowScreen","verb":"create","cancelRequested":false,"apiVersion":"v2","requestResource":{"@type":"type.googleapis.com/google.cloud.functions.v2.Function","name":"projects/biome-865cc/locations/us-central1/functions/detectYellowScreen","buildConfig":{"runtime":"nodejs20","entryPoint":"detectYellowScreen","source":{"storageSource":{"bucket":"gcf-v2-sources-952652458408-us-central1","object":"detectYellowScreen/function-source.zip","generation":"1763619091207926"}},"environmentVariables":{"GOOGLE_NODE_RUN_SCRIPTS":""},"serviceAccount":"projects/biome-865cc/serviceAccounts/952652458408-compute@developer.gserviceaccount.com","automaticUpdatePolicy":{}},"serviceConfig":{"service":"projects/biome-865cc/locations/us-central1/services/detectyellowscreen","timeoutSeconds":60,"environmentVariables":{"FIREBASE_CONFIG":"{\"projectId\":\"biome-865cc\",\"storageBucket\":\"biome-865cc.firebasestorage.app\"}","GCLOUD_PROJECT":"biome-865cc","EVENTARC_CLOUD_EVENT_SOURCE":"projects/biome-865cc/locations/us-central1/services/detectYellowScreen","FUNCTION_TARGET":"detectYellowScreen","LOG_EXECUTION_ID":"true"},"ingressSettings":"ALLOW_ALL","serviceAccountEmail":"952652458408-compute@developer.gserviceaccount.com","availableMemory":"256Mi","maxInstanceRequestConcurrency":80,"availableCpu":"1"},"labels":{"deployment-tool":"cli-firebase","deployment-callable":"true","firebase-functions-hash":"cd3bced981d043089120cbb68afa264d20b830d4"},"environment":"GEN_2"},"stages":[{"name":"BUILD","message":"Build finished","state":"COMPLETE","resource":"projects/952652458408/locations/us-central1/builds/eef88b8f-d388-4c18-8a5f-ce20ae035174","resourceUri":"https://console.cloud.google.com/cloud-build/builds;region=us-central1/eef88b8f-d388-4c18-8a5f-ce20ae035174?project=952652458408"},{"name":"SERVICE","message":"Creating Cloud Run service","state":"IN_PROGRESS","resource":"projects/biome-865cc/locations/us-central1/services/detectyellowscreen","resourceUri":"https://console.cloud.google.com/run/detail/us-central1/detectyellowscreen?project=biome-865cc"}],"sourceToken":"Cldwcm9qZWN0cy85NTI2NTI0NTg0MDgvbG9jYXRpb25zL3VzLWNlbnRyYWwxL2J1aWxkcy9lZWY4OGI4Zi1kMzg4LTRjMTgtOGE1Zi1jZTIwYWUwMzUxNzQSb3VzLWNlbnRyYWwxLWRvY2tlci5wa2cuZGV2L2Jpb21lLTg2NWNjL2djZi1hcnRpZmFjdHMvYmlvbWUtLTg2NWNjX191cy0tY2VudHJhbDFfX2RldGVjdF95ZWxsb3dfc2NyZWVuOnZlcnNpb25fMRio04v03BsiR3Byb2plY3RzL2Jpb21lLTg2NWNjL2xvY2F0aW9ucy91cy1jZW50cmFsMS9mdW5jdGlvbnMvZGV0ZWN0WWVsbG93U2NyZWVuKgwIzuL6yAYQ0PH2pgMyCG5vZGVqczIwOnYKI2djci5pby9nYWUtcnVudGltZXMvbm9kZWpzMjA6c3RhYmxlEk91cy1jZW50cmFsMS1kb2NrZXIucGtnLmRldi9zZXJ2ZXJsZXNzLXJ1bnRpbWVzL2dvb2dsZS0yMi1mdWxsL3J1bnRpbWVzL25vZGVqczIwQAE=","operationType":"CREATE_FUNCTION","buildName":"projects/952652458408/locations/us-central1/builds/eef88b8f-d388-4c18-8a5f-ce20ae035174"},"done":false}
[debug] [2025-11-20T06:12:42.646Z] Got source token Cldwcm9qZWN0cy85NTI2NTI0NTg0MDgvbG9jYXRpb25zL3VzLWNlbnRyYWwxL2J1aWxkcy9lZWY4OGI4Zi1kMzg4LTRjMTgtOGE1Zi1jZTIwYWUwMzUxNzQSb3VzLWNlbnRyYWwxLWRvY2tlci5wa2cuZGV2L2Jpb21lLTg2NWNjL2djZi1hcnRpZmFjdHMvYmlvbWUtLTg2NWNjX191cy0tY2VudHJhbDFfX2RldGVjdF95ZWxsb3dfc2NyZWVuOnZlcnNpb25fMRio04v03BsiR3Byb2plY3RzL2Jpb21lLTg2NWNjL2xvY2F0aW9ucy91cy1jZW50cmFsMS9mdW5jdGlvbnMvZGV0ZWN0WWVsbG93U2NyZWVuKgwIzuL6yAYQ0PH2pgMyCG5vZGVqczIwOnYKI2djci5pby9nYWUtcnVudGltZXMvbm9kZWpzMjA6c3RhYmxlEk91cy1jZW50cmFsMS1kb2NrZXIucGtnLmRldi9zZXJ2ZXJsZXNzLXJ1bnRpbWVzL2dvb2dsZS0yMi1mdWxsL3J1bnRpbWVzL25vZGVqczIwQAE= for region us-central1
[debug] [2025-11-20T06:12:52.661Z] [create-default-us-central1-detectYellowScreen] Retrying task index 0
[debug] [2025-11-20T06:12:52.661Z] Checked if tokens are valid: true, expires at: 1763622666224
[debug] [2025-11-20T06:12:52.661Z] Checked if tokens are valid: true, expires at: 1763622666224
[debug] [2025-11-20T06:12:52.661Z] >>> [apiv2][query] GET https://cloudfunctions.googleapis.com/v2/projects/biome-865cc/locations/us-central1/operations/operation-1763619090888-64400916e78e6-698b0db4-245ce0e5 [none]
[debug] [2025-11-20T06:12:53.296Z] <<< [apiv2][status] GET https://cloudfunctions.googleapis.com/v2/projects/biome-865cc/locations/us-central1/operations/operation-1763619090888-64400916e78e6-698b0db4-245ce0e5 200
[debug] [2025-11-20T06:12:53.296Z] <<< [apiv2][body] GET https://cloudfunctions.googleapis.com/v2/projects/biome-865cc/locations/us-central1/operations/operation-1763619090888-64400916e78e6-698b0db4-245ce0e5 {"name":"projects/biome-865cc/locations/us-central1/operations/operation-1763619090888-64400916e78e6-698b0db4-245ce0e5","metadata":{"@type":"type.googleapis.com/google.cloud.functions.v2.OperationMetadata","createTime":"2025-11-20T06:11:31.486831805Z","endTime":"2025-11-20T06:12:50.772293886Z","target":"projects/biome-865cc/locations/us-central1/functions/detectYellowScreen","verb":"create","cancelRequested":false,"apiVersion":"v2","requestResource":{"@type":"type.googleapis.com/google.cloud.functions.v2.Function","name":"projects/biome-865cc/locations/us-central1/functions/detectYellowScreen","buildConfig":{"runtime":"nodejs20","entryPoint":"detectYellowScreen","source":{"storageSource":{"bucket":"gcf-v2-sources-952652458408-us-central1","object":"detectYellowScreen/function-source.zip","generation":"1763619091207926"}},"environmentVariables":{"GOOGLE_NODE_RUN_SCRIPTS":""},"serviceAccount":"projects/biome-865cc/serviceAccounts/952652458408-compute@developer.gserviceaccount.com","automaticUpdatePolicy":{}},"serviceConfig":{"service":"projects/biome-865cc/locations/us-central1/services/detectyellowscreen","timeoutSeconds":60,"environmentVariables":{"FIREBASE_CONFIG":"{\"projectId\":\"biome-865cc\",\"storageBucket\":\"biome-865cc.firebasestorage.app\"}","GCLOUD_PROJECT":"biome-865cc","EVENTARC_CLOUD_EVENT_SOURCE":"projects/biome-865cc/locations/us-central1/services/detectYellowScreen","FUNCTION_TARGET":"detectYellowScreen","LOG_EXECUTION_ID":"true"},"ingressSettings":"ALLOW_ALL","serviceAccountEmail":"952652458408-compute@developer.gserviceaccount.com","availableMemory":"256Mi","maxInstanceRequestConcurrency":80,"availableCpu":"1"},"labels":{"deployment-tool":"cli-firebase","deployment-callable":"true","firebase-functions-hash":"cd3bced981d043089120cbb68afa264d20b830d4"},"environment":"GEN_2"},"stages":[{"name":"BUILD","message":"Build finished","state":"COMPLETE","resource":"projects/952652458408/locations/us-central1/builds/eef88b8f-d388-4c18-8a5f-ce20ae035174","resourceUri":"https://console.cloud.google.com/cloud-build/builds;region=us-central1/eef88b8f-d388-4c18-8a5f-ce20ae035174?project=952652458408"},{"name":"SERVICE","message":"Creating Cloud Run service","state":"COMPLETE","resource":"projects/biome-865cc/locations/us-central1/services/detectyellowscreen","resourceUri":"https://console.cloud.google.com/run/detail/us-central1/detectyellowscreen?project=biome-865cc"}],"sourceToken":"Cldwcm9qZWN0cy85NTI2NTI0NTg0MDgvbG9jYXRpb25zL3VzLWNlbnRyYWwxL2J1aWxkcy9lZWY4OGI4Zi1kMzg4LTRjMTgtOGE1Zi1jZTIwYWUwMzUxNzQSb3VzLWNlbnRyYWwxLWRvY2tlci5wa2cuZGV2L2Jpb21lLTg2NWNjL2djZi1hcnRpZmFjdHMvYmlvbWUtLTg2NWNjX191cy0tY2VudHJhbDFfX2RldGVjdF95ZWxsb3dfc2NyZWVuOnZlcnNpb25fMRio04v03BsiR3Byb2plY3RzL2Jpb21lLTg2NWNjL2xvY2F0aW9ucy91cy1jZW50cmFsMS9mdW5jdGlvbnMvZGV0ZWN0WWVsbG93U2NyZWVuKgwIzuL6yAYQ0PH2pgMyCG5vZGVqczIwOnYKI2djci5pby9nYWUtcnVudGltZXMvbm9kZWpzMjA6c3RhYmxlEk91cy1jZW50cmFsMS1kb2NrZXIucGtnLmRldi9zZXJ2ZXJsZXNzLXJ1bnRpbWVzL2dvb2dsZS0yMi1mdWxsL3J1bnRpbWVzL25vZGVqczIwQAE=","operationType":"CREATE_FUNCTION","buildName":"projects/952652458408/locations/us-central1/builds/eef88b8f-d388-4c18-8a5f-ce20ae035174"},"done":true,"response":{"@type":"type.googleapis.com/google.cloud.functions.v2.Function","name":"projects/biome-865cc/locations/us-central1/functions/detectYellowScreen","buildConfig":{"build":"projects/952652458408/locations/us-central1/builds/eef88b8f-d388-4c18-8a5f-ce20ae035174","runtime":"nodejs20","entryPoint":"detectYellowScreen","source":{"storageSource":{"bucket":"gcf-v2-sources-952652458408-us-central1","object":"detectYellowScreen/function-source.zip","generation":"1763619091207926"}},"environmentVariables":{"GOOGLE_NODE_RUN_SCRIPTS":""},"dockerRepository":"projects/biome-865cc/locations/us-central1/repositories/gcf-artifacts","sourceProvenance":{"resolvedStorageSource":{"bucket":"gcf-v2-sources-952652458408-us-central1","object":"detectYellowScreen/function-source.zip","generation":"1763619091207926"}},"dockerRegistry":"ARTIFACT_REGISTRY","serviceAccount":"projects/biome-865cc/serviceAccounts/952652458408-compute@developer.gserviceaccount.com","automaticUpdatePolicy":{}},"serviceConfig":{"service":"projects/biome-865cc/locations/us-central1/services/detectyellowscreen","timeoutSeconds":60,"environmentVariables":{"FIREBASE_CONFIG":"{\"projectId\":\"biome-865cc\",\"storageBucket\":\"biome-865cc.firebasestorage.app\"}","GCLOUD_PROJECT":"biome-865cc","EVENTARC_CLOUD_EVENT_SOURCE":"projects/biome-865cc/locations/us-central1/services/detectYellowScreen","FUNCTION_TARGET":"detectYellowScreen","LOG_EXECUTION_ID":"true"},"ingressSettings":"ALLOW_ALL","uri":"https://detectyellowscreen-g3a7xtp2ya-uc.a.run.app","serviceAccountEmail":"952652458408-compute@developer.gserviceaccount.com","availableMemory":"256Mi","allTrafficOnLatestRevision":true,"revision":"detectyellowscreen-00001-hiv","maxInstanceRequestConcurrency":80,"availableCpu":"1"},"state":"ACTIVE","updateTime":"2025-11-20T06:11:31.481931965Z","labels":{"deployment-tool":"cli-firebase","deployment-callable":"true","firebase-functions-hash":"cd3bced981d043089120cbb68afa264d20b830d4"},"environment":"GEN_2","url":"https://us-central1-biome-865cc.cloudfunctions.net/detectYellowScreen","createTime":"2025-11-20T06:11:31.481931965Z","satisfiesPzi":true}}
[debug] [2025-11-20T06:12:53.296Z] Got source token Cldwcm9qZWN0cy85NTI2NTI0NTg0MDgvbG9jYXRpb25zL3VzLWNlbnRyYWwxL2J1aWxkcy9lZWY4OGI4Zi1kMzg4LTRjMTgtOGE1Zi1jZTIwYWUwMzUxNzQSb3VzLWNlbnRyYWwxLWRvY2tlci5wa2cuZGV2L2Jpb21lLTg2NWNjL2djZi1hcnRpZmFjdHMvYmlvbWUtLTg2NWNjX191cy0tY2VudHJhbDFfX2RldGVjdF95ZWxsb3dfc2NyZWVuOnZlcnNpb25fMRio04v03BsiR3Byb2plY3RzL2Jpb21lLTg2NWNjL2xvY2F0aW9ucy91cy1jZW50cmFsMS9mdW5jdGlvbnMvZGV0ZWN0WWVsbG93U2NyZWVuKgwIzuL6yAYQ0PH2pgMyCG5vZGVqczIwOnYKI2djci5pby9nYWUtcnVudGltZXMvbm9kZWpzMjA6c3RhYmxlEk91cy1jZW50cmFsMS1kb2NrZXIucGtnLmRldi9zZXJ2ZXJsZXNzLXJ1bnRpbWVzL2dvb2dsZS0yMi1mdWxsL3J1bnRpbWVzL25vZGVqczIwQAE= for region us-central1
[debug] [2025-11-20T06:12:53.297Z] Checked if tokens are valid: true, expires at: 1763622666224
[debug] [2025-11-20T06:12:53.297Z] Checked if tokens are valid: true, expires at: 1763622666224
[debug] [2025-11-20T06:12:53.297Z] >>> [apiv2][query] POST https://run.googleapis.com/v1/projects/biome-865cc/locations/us-central1/services/detectyellowscreen:setIamPolicy [none]
[debug] [2025-11-20T06:12:53.297Z] >>> [apiv2][body] POST https://run.googleapis.com/v1/projects/biome-865cc/locations/us-central1/services/detectyellowscreen:setIamPolicy {"policy":{"bindings":[{"role":"roles/run.invoker","members":["allUsers"]}],"etag":"","version":3},"updateMask":"bindings,etag,version"}
[debug] [2025-11-20T06:12:54.013Z] <<< [apiv2][status] POST https://run.googleapis.com/v1/projects/biome-865cc/locations/us-central1/services/detectyellowscreen:setIamPolicy 400
[debug] [2025-11-20T06:12:54.013Z] <<< [apiv2][body] POST https://run.googleapis.com/v1/projects/biome-865cc/locations/us-central1/services/detectyellowscreen:setIamPolicy {"error":{"code":400,"message":"One or more users named in the policy do not belong to a permitted customer,  perhaps due to an organization policy.","status":"FAILED_PRECONDITION"}}
[error] Failed to set the IAM Policy on the Service projects/biome-865cc/locations/us-central1/services/detectyellowscreen
[debug] [2025-11-20T06:12:54.015Z] Total Function Deployment time: 83160
[debug] [2025-11-20T06:12:54.015Z] 1 Functions Deployed
[debug] [2025-11-20T06:12:54.015Z] 1 Functions Errored
[debug] [2025-11-20T06:12:54.015Z] 0 Function Deployments Aborted
[debug] [2025-11-20T06:12:54.015Z] Average Function Deployment time: 83159
[info] 
[info] Functions deploy had errors with the following functions:
	detectYellowScreen(us-central1)
[info] 
[info] Unable to set the invoker for the IAM policy on the following functions:
	detectYellowScreen(us-central1)
[info] 
[info] Some common causes of this:
[info] 
[info] - You may not have the roles/functions.admin IAM role. Note that roles/functions.developer does not allow you to change IAM policies.
[info] 
[info] - An organization policy that restricts Network Access on your project.
[debug] [2025-11-20T06:12:54.018Z] Checked if tokens are valid: true, expires at: 1763622666224
[debug] [2025-11-20T06:12:54.018Z] Checked if tokens are valid: true, expires at: 1763622666224
[debug] [2025-11-20T06:12:54.018Z] >>> [apiv2][query] GET https://artifactregistry.googleapis.com/v1/projects/biome-865cc/locations/us-central1/repositories/gcf-artifacts [none]
[debug] [2025-11-20T06:12:54.535Z] <<< [apiv2][status] GET https://artifactregistry.googleapis.com/v1/projects/biome-865cc/locations/us-central1/repositories/gcf-artifacts 200
[debug] [2025-11-20T06:12:54.535Z] <<< [apiv2][body] GET https://artifactregistry.googleapis.com/v1/projects/biome-865cc/locations/us-central1/repositories/gcf-artifacts {"name":"projects/biome-865cc/locations/us-central1/repositories/gcf-artifacts","format":"DOCKER","description":"This repository is created and used by Cloud Functions for storing function docker images.","labels":{"goog-managed-by":"cloudfunctions"},"createTime":"2025-11-17T08:02:43.903042Z","updateTime":"2025-11-20T06:12:25.231296Z","mode":"STANDARD_REPOSITORY","cleanupPolicies":{"firebase-functions-cleanup":{"id":"firebase-functions-cleanup","action":"DELETE","condition":{"tagState":"ANY","olderThan":"86400s"}}},"sizeBytes":"153748008","vulnerabilityScanningConfig":{"lastEnableTime":"2025-11-17T08:02:29.066952375Z","enablementState":"SCANNING_DISABLED","enablementStateReason":"API containerscanning.googleapis.com is not enabled."},"satisfiesPzi":true,"registryUri":"us-central1-docker.pkg.dev/biome-865cc/gcf-artifacts"}
[debug] [2025-11-20T06:12:54.536Z] Functions deploy failed.
[debug] [2025-11-20T06:12:54.536Z] {
  "endpoint": {
    "id": "detectYellowScreen",
    "project": "biome-865cc",
    "region": "us-central1",
    "entryPoint": "detectYellowScreen",
    "platform": "gcfv2",
    "runtime": "nodejs20",
    "callableTrigger": {},
    "labels": {
      "deployment-tool": "cli-firebase"
    },
    "serviceAccount": null,
    "ingressSettings": null,
    "availableMemoryMb": null,
    "timeoutSeconds": null,
    "maxInstances": null,
    "minInstances": null,
    "concurrency": 80,
    "vpc": null,
    "environmentVariables": {
      "FIREBASE_CONFIG": "{\"projectId\":\"biome-865cc\",\"storageBucket\":\"biome-865cc.firebasestorage.app\"}",
      "GCLOUD_PROJECT": "biome-865cc",
      "EVENTARC_CLOUD_EVENT_SOURCE": "projects/biome-865cc/locations/us-central1/services/detectYellowScreen"
    },
    "codebase": "default",
    "cpu": 1,
    "targetedByOnly": true,
    "hash": "cd3bced981d043089120cbb68afa264d20b830d4",
    "uri": "https://us-central1-biome-865cc.cloudfunctions.net/detectYellowScreen",
    "runServiceId": "detectyellowscreen"
  },
  "op": "set invoker",
  "original": {
    "name": "FirebaseError",
    "children": [],
    "exit": 1,
    "message": "Failed to set the IAM Policy on the Service projects/biome-865cc/locations/us-central1/services/detectyellowscreen",
    "original": {
      "name": "FirebaseError",
      "children": [],
      "context": {
        "body": {
          "error": {
            "code": 400,
            "message": "One or more users named in the policy do not belong to a permitted customer,  perhaps due to an organization policy.",
            "status": "FAILED_PRECONDITION"
          }
        },
        "response": {
          "statusCode": 400
        }
      },
      "exit": 1,
      "message": "Request to https://run.googleapis.com/v1/projects/biome-865cc/locations/us-central1/services/detectyellowscreen:setIamPolicy had HTTP Error: 400, One or more users named in the policy do not belong to a permitted customer,  perhaps due to an organization policy.",
      "status": 400
    },
    "status": 400,
    "code": 400
  }
}
[debug] [2025-11-20T06:12:54.537Z] Error: Failed to set invoker function detectYellowScreen in region us-central1
    at C:\Users\zimm2\AppData\Roaming\npm\node_modules\firebase-tools\lib\deploy\functions\release\fabricator.js:52:11
    at process.processTicksAndRejections (node:internal/process/task_queues:95:5)
    at async Fabricator.createV2Function (C:\Users\zimm2\AppData\Roaming\npm\node_modules\firebase-tools\lib\deploy\functions\release\fabricator.js:327:13)
    at async Fabricator.createEndpoint (C:\Users\zimm2\AppData\Roaming\npm\node_modules\firebase-tools\lib\deploy\functions\release\fabricator.js:137:13)
    at async handle (C:\Users\zimm2\AppData\Roaming\npm\node_modules\firebase-tools\lib\deploy\functions\release\fabricator.js:89:17)
[error] 
[error] Error: There was an error deploying functions
