[debug] [2025-11-17T07:38:07.122Z] ----------------------------------------------------------------------
[debug] [2025-11-17T07:38:07.125Z] Command:       C:\Program Files\nodejs\node.exe C:\Users\zimm2\AppData\Roaming\npm\node_modules\firebase-tools\lib\bin\firebase.js deploy --only functions
[debug] [2025-11-17T07:38:07.125Z] CLI Version:   14.25.0
[debug] [2025-11-17T07:38:07.125Z] Platform:      win32
[debug] [2025-11-17T07:38:07.125Z] Node Version:  v20.12.2
[debug] [2025-11-17T07:38:07.125Z] Time:          Mon Nov 17 2025 02:38:07 GMT-0500 (Eastern Standard Time)
[debug] [2025-11-17T07:38:07.125Z] ----------------------------------------------------------------------
[debug] 
[debug] [2025-11-17T07:38:07.315Z] > command requires scopes: ["email","openid","https://www.googleapis.com/auth/cloudplatformprojects.readonly","https://www.googleapis.com/auth/firebase","https://www.googleapis.com/auth/cloud-platform"]
[debug] [2025-11-17T07:38:07.316Z] > authorizing via signed-in user (alex@atozdigital.co)
[debug] [2025-11-17T07:38:07.316Z] [iam] checking project biome-865cc for permissions ["cloudfunctions.functions.create","cloudfunctions.functions.delete","cloudfunctions.functions.get","cloudfunctions.functions.list","cloudfunctions.functions.update","cloudfunctions.operations.get","firebase.projects.get"]
[debug] [2025-11-17T07:38:07.317Z] Checked if tokens are valid: true, expires at: 1763368327832
[debug] [2025-11-17T07:38:07.317Z] Checked if tokens are valid: true, expires at: 1763368327832
[debug] [2025-11-17T07:38:07.319Z] >>> [apiv2][query] POST https://cloudresourcemanager.googleapis.com/v1/projects/biome-865cc:testIamPermissions [none]
[debug] [2025-11-17T07:38:07.319Z] >>> [apiv2][(partial)header] POST https://cloudresourcemanager.googleapis.com/v1/projects/biome-865cc:testIamPermissions x-goog-quota-user=projects/biome-865cc
[debug] [2025-11-17T07:38:07.319Z] >>> [apiv2][body] POST https://cloudresourcemanager.googleapis.com/v1/projects/biome-865cc:testIamPermissions {"permissions":["cloudfunctions.functions.create","cloudfunctions.functions.delete","cloudfunctions.functions.get","cloudfunctions.functions.list","cloudfunctions.functions.update","cloudfunctions.operations.get","firebase.projects.get"]}
[debug] [2025-11-17T07:38:07.679Z] <<< [apiv2][status] POST https://cloudresourcemanager.googleapis.com/v1/projects/biome-865cc:testIamPermissions 200
[debug] [2025-11-17T07:38:07.679Z] <<< [apiv2][body] POST https://cloudresourcemanager.googleapis.com/v1/projects/biome-865cc:testIamPermissions {"permissions":["cloudfunctions.functions.create","cloudfunctions.functions.delete","cloudfunctions.functions.get","cloudfunctions.functions.list","cloudfunctions.functions.update","cloudfunctions.operations.get","firebase.projects.get"]}
[debug] [2025-11-17T07:38:07.679Z] Checked if tokens are valid: true, expires at: 1763368327832
[debug] [2025-11-17T07:38:07.680Z] Checked if tokens are valid: true, expires at: 1763368327832
[debug] [2025-11-17T07:38:07.680Z] >>> [apiv2][query] POST https://iam.googleapis.com/v1/projects/biome-865cc/serviceAccounts/biome-865cc@appspot.gserviceaccount.com:testIamPermissions [none]
[debug] [2025-11-17T07:38:07.680Z] >>> [apiv2][body] POST https://iam.googleapis.com/v1/projects/biome-865cc/serviceAccounts/biome-865cc@appspot.gserviceaccount.com:testIamPermissions {"permissions":["iam.serviceAccounts.actAs"]}
[debug] [2025-11-17T07:38:08.045Z] <<< [apiv2][status] POST https://iam.googleapis.com/v1/projects/biome-865cc/serviceAccounts/biome-865cc@appspot.gserviceaccount.com:testIamPermissions 200
[debug] [2025-11-17T07:38:08.045Z] <<< [apiv2][body] POST https://iam.googleapis.com/v1/projects/biome-865cc/serviceAccounts/biome-865cc@appspot.gserviceaccount.com:testIamPermissions {"permissions":["iam.serviceAccounts.actAs"]}
[info] 
[info] === Deploying to 'biome-865cc'...
[info] 
[info] i  deploying functions 
[debug] [2025-11-17T07:38:08.049Z] Checked if tokens are valid: true, expires at: 1763368327832
[debug] [2025-11-17T07:38:08.049Z] Checked if tokens are valid: true, expires at: 1763368327832
[debug] [2025-11-17T07:38:08.049Z] >>> [apiv2][query] GET https://cloudresourcemanager.googleapis.com/v1/projects/biome-865cc [none]
[debug] [2025-11-17T07:38:08.186Z] <<< [apiv2][status] GET https://cloudresourcemanager.googleapis.com/v1/projects/biome-865cc 200
[debug] [2025-11-17T07:38:08.186Z] <<< [apiv2][body] GET https://cloudresourcemanager.googleapis.com/v1/projects/biome-865cc {"projectNumber":"952652458408","projectId":"biome-865cc","lifecycleState":"ACTIVE","name":"BioME","labels":{"firebase":"enabled","firebase-core":"disabled"},"createTime":"2025-11-16T23:46:33.065732Z","parent":{"type":"organization","id":"700716616277"}}
[info] i  functions: preparing codebase default for deployment 
[info] i  functions: ensuring required API cloudfunctions.googleapis.com is enabled... 
[info] i  functions: ensuring required API cloudbuild.googleapis.com is enabled... 
[info] i  artifactregistry: ensuring required API artifactregistry.googleapis.com is enabled... 
[debug] [2025-11-17T07:38:08.189Z] Checked if tokens are valid: true, expires at: 1763368327832
[debug] [2025-11-17T07:38:08.189Z] Checked if tokens are valid: true, expires at: 1763368327832
[debug] [2025-11-17T07:38:08.189Z] >>> [apiv2][query] GET https://firebase.googleapis.com/v1beta1/projects/biome-865cc/adminSdkConfig [none]
[debug] [2025-11-17T07:38:08.755Z] <<< [apiv2][status] GET https://firebase.googleapis.com/v1beta1/projects/biome-865cc/adminSdkConfig 200
[debug] [2025-11-17T07:38:08.756Z] <<< [apiv2][body] GET https://firebase.googleapis.com/v1beta1/projects/biome-865cc/adminSdkConfig {"projectId":"biome-865cc","storageBucket":"biome-865cc.firebasestorage.app"}
[debug] [2025-11-17T07:38:08.756Z] Checked if tokens are valid: true, expires at: 1763368327832
[debug] [2025-11-17T07:38:08.756Z] Checked if tokens are valid: true, expires at: 1763368327832
[debug] [2025-11-17T07:38:08.756Z] >>> [apiv2][query] GET https://runtimeconfig.googleapis.com/v1beta1/projects/biome-865cc/configs [none]
[debug] [2025-11-17T07:38:09.242Z] <<< [apiv2][status] GET https://runtimeconfig.googleapis.com/v1beta1/projects/biome-865cc/configs 200
[debug] [2025-11-17T07:38:09.242Z] <<< [apiv2][body] GET https://runtimeconfig.googleapis.com/v1beta1/projects/biome-865cc/configs {}
[debug] [2025-11-17T07:38:09.243Z] Validating nodejs source
[debug] [2025-11-17T07:38:10.367Z] > [functions] package.json contents: {
  "name": "functions",
  "description": "Cloud Functions for Firebase",
  "scripts": {
    "lint": "eslint .",
    "serve": "firebase emulators:start --only functions",
    "shell": "firebase functions:shell",
    "start": "npm run shell",
    "deploy": "firebase deploy --only functions",
    "logs": "firebase functions:log"
  },
  "engines": {
    "node": "20"
  },
  "main": "index.js",
  "dependencies": {
    "@ffmpeg-installer/ffmpeg": "^1.1.0",
    "firebase-admin": "^12.0.0",
    "firebase-functions": "^7.0.0",
    "fluent-ffmpeg": "^2.1.2"
  },
  "devDependencies": {
    "eslint": "^8.15.0",
    "eslint-config-google": "^0.14.0"
  },
  "private": true
}
[debug] [2025-11-17T07:38:10.367Z] Building nodejs source
[info] i  functions: Loading and analyzing source code for codebase default to determine what to deploy 
[debug] [2025-11-17T07:38:10.368Z] Could not find functions.yaml. Must use http discovery
[debug] [2025-11-17T07:38:10.376Z] Found firebase-functions binary at 'C:\Users\zimm2\Desktop\BioMEDirect\functions\node_modules\.bin\firebase-functions'
[info] Serving at port 8093

[debug] [2025-11-17T07:38:10.720Z] Got response from /__/functions.yaml {"endpoints":{"generateSrcArray":{"platform":"gcfv2","availableMemoryMb":null,"timeoutSeconds":null,"minInstances":null,"maxInstances":null,"ingressSettings":null,"concurrency":null,"serviceAccountEmail":null,"vpc":null,"labels":{},"eventTrigger":{"eventType":"google.cloud.storage.object.v1.finalized","eventFilters":{"bucket":"biome-865cc.firebasestorage.app"},"retry":false},"entryPoint":"generateSrcArray"}},"specVersion":"v1alpha1","requiredAPIs":[],"extensions":{}}
[info] i  extensions: ensuring required API firebaseextensions.googleapis.com is enabled... 
[debug] [2025-11-17T07:38:15.754Z] > command requires scopes: ["email","openid","https://www.googleapis.com/auth/cloudplatformprojects.readonly","https://www.googleapis.com/auth/firebase","https://www.googleapis.com/auth/cloud-platform"]
[debug] [2025-11-17T07:38:15.754Z] > authorizing via signed-in user (alex@atozdigital.co)
[debug] [2025-11-17T07:38:15.754Z] [iam] checking project biome-865cc for permissions ["firebase.projects.get","firebaseextensions.instances.list"]
[debug] [2025-11-17T07:38:15.754Z] Checked if tokens are valid: true, expires at: 1763368327832
[debug] [2025-11-17T07:38:15.755Z] Checked if tokens are valid: true, expires at: 1763368327832
[debug] [2025-11-17T07:38:15.755Z] >>> [apiv2][query] POST https://cloudresourcemanager.googleapis.com/v1/projects/biome-865cc:testIamPermissions [none]
[debug] [2025-11-17T07:38:15.755Z] >>> [apiv2][(partial)header] POST https://cloudresourcemanager.googleapis.com/v1/projects/biome-865cc:testIamPermissions x-goog-quota-user=projects/biome-865cc
[debug] [2025-11-17T07:38:15.755Z] >>> [apiv2][body] POST https://cloudresourcemanager.googleapis.com/v1/projects/biome-865cc:testIamPermissions {"permissions":["firebase.projects.get","firebaseextensions.instances.list"]}
[debug] [2025-11-17T07:38:16.150Z] <<< [apiv2][status] POST https://cloudresourcemanager.googleapis.com/v1/projects/biome-865cc:testIamPermissions 200
[debug] [2025-11-17T07:38:16.150Z] <<< [apiv2][body] POST https://cloudresourcemanager.googleapis.com/v1/projects/biome-865cc:testIamPermissions {"permissions":["firebase.projects.get","firebaseextensions.instances.list"]}
[debug] [2025-11-17T07:38:16.150Z] Checked if tokens are valid: true, expires at: 1763368327832
[debug] [2025-11-17T07:38:16.151Z] Checked if tokens are valid: true, expires at: 1763368327832
[debug] [2025-11-17T07:38:16.151Z] >>> [apiv2][query] GET https://firebaseextensions.googleapis.com/v1beta/projects/biome-865cc/instances pageSize=100&pageToken=
[debug] [2025-11-17T07:38:17.867Z] <<< [apiv2][status] GET https://firebaseextensions.googleapis.com/v1beta/projects/biome-865cc/instances 200
[debug] [2025-11-17T07:38:17.867Z] <<< [apiv2][body] GET https://firebaseextensions.googleapis.com/v1beta/projects/biome-865cc/instances {}
[info] i  functions: preparing functions directory for uploading... 
[info] i  functions: packaged C:\Users\zimm2\Desktop\BioMEDirect\functions (45.38 KB) for uploading 
[debug] [2025-11-17T07:38:17.899Z] Checked if tokens are valid: true, expires at: 1763368327832
[debug] [2025-11-17T07:38:17.899Z] Checked if tokens are valid: true, expires at: 1763368327832
[debug] [2025-11-17T07:38:17.899Z] >>> [apiv2][query] GET https://cloudfunctions.googleapis.com/v1/projects/biome-865cc/locations/-/functions [none]
[debug] [2025-11-17T07:38:18.593Z] <<< [apiv2][status] GET https://cloudfunctions.googleapis.com/v1/projects/biome-865cc/locations/-/functions 200
[debug] [2025-11-17T07:38:18.593Z] <<< [apiv2][body] GET https://cloudfunctions.googleapis.com/v1/projects/biome-865cc/locations/-/functions {}
[debug] [2025-11-17T07:38:18.593Z] Checked if tokens are valid: true, expires at: 1763368327832
[debug] [2025-11-17T07:38:18.593Z] Checked if tokens are valid: true, expires at: 1763368327832
[debug] [2025-11-17T07:38:18.594Z] >>> [apiv2][query] GET https://cloudfunctions.googleapis.com/v2/projects/biome-865cc/locations/-/functions filter=environment%3D%22GEN_2%22
[debug] [2025-11-17T07:38:19.036Z] <<< [apiv2][status] GET https://cloudfunctions.googleapis.com/v2/projects/biome-865cc/locations/-/functions 200
[debug] [2025-11-17T07:38:19.036Z] <<< [apiv2][body] GET https://cloudfunctions.googleapis.com/v2/projects/biome-865cc/locations/-/functions {}
[debug] [2025-11-17T07:38:19.037Z] Looking up bucket region for the storage event trigger
[debug] [2025-11-17T07:38:19.037Z] Looking up bucket region for the storage event trigger on bucket biome-865cc.firebasestorage.app
[debug] [2025-11-17T07:38:19.037Z] Checked if tokens are valid: true, expires at: 1763368327832
[debug] [2025-11-17T07:38:19.037Z] Checked if tokens are valid: true, expires at: 1763368327832
[debug] [2025-11-17T07:38:19.038Z] >>> [apiv2][query] GET https://storage.googleapis.com/storage/v1/b/biome-865cc.firebasestorage.app [none]
[debug] [2025-11-17T07:38:19.361Z] <<< [apiv2][status] GET https://storage.googleapis.com/storage/v1/b/biome-865cc.firebasestorage.app 200
[debug] [2025-11-17T07:38:19.361Z] <<< [apiv2][body] GET https://storage.googleapis.com/storage/v1/b/biome-865cc.firebasestorage.app {"kind":"storage#bucket","selfLink":"https://www.googleapis.com/storage/v1/b/biome-865cc.firebasestorage.app","id":"biome-865cc.firebasestorage.app","name":"biome-865cc.firebasestorage.app","projectNumber":"952652458408","generation":"1763353635392284525","metageneration":"1","location":"US-CENTRAL1","storageClass":"REGIONAL","etag":"CAE=","timeCreated":"2025-11-17T04:27:15.575Z","updated":"2025-11-17T04:27:15.575Z","softDeletePolicy":{"retentionDurationSeconds":"604800","effectiveTime":"2025-11-17T04:27:15.575Z"},"iamConfiguration":{"bucketPolicyOnly":{"enabled":true,"lockedTime":"2026-02-15T04:27:15.575Z"},"uniformBucketLevelAccess":{"enabled":true,"lockedTime":"2026-02-15T04:27:15.575Z"},"publicAccessPrevention":"inherited"},"locationType":"region","satisfiesPZI":true}
[debug] [2025-11-17T07:38:19.361Z] Setting the event trigger region to us-central1 .
[info] i  functions: ensuring required API run.googleapis.com is enabled... 
[debug] [2025-11-17T07:38:19.363Z] Checked if tokens are valid: true, expires at: 1763368327832
[debug] [2025-11-17T07:38:19.363Z] Checked if tokens are valid: true, expires at: 1763368327832
[info] i  functions: ensuring required API eventarc.googleapis.com is enabled... 
[debug] [2025-11-17T07:38:19.363Z] Checked if tokens are valid: true, expires at: 1763368327832
[debug] [2025-11-17T07:38:19.363Z] Checked if tokens are valid: true, expires at: 1763368327832
[info] i  functions: ensuring required API pubsub.googleapis.com is enabled... 
[debug] [2025-11-17T07:38:19.364Z] Checked if tokens are valid: true, expires at: 1763368327832
[debug] [2025-11-17T07:38:19.364Z] Checked if tokens are valid: true, expires at: 1763368327832
[info] i  functions: ensuring required API storage.googleapis.com is enabled... 
[debug] [2025-11-17T07:38:19.364Z] Checked if tokens are valid: true, expires at: 1763368327832
[debug] [2025-11-17T07:38:19.364Z] Checked if tokens are valid: true, expires at: 1763368327832
[debug] [2025-11-17T07:38:19.364Z] >>> [apiv2][query] GET https://serviceusage.googleapis.com/v1/projects/952652458408/services/run.googleapis.com [none]
[debug] [2025-11-17T07:38:19.364Z] >>> [apiv2][(partial)header] GET https://serviceusage.googleapis.com/v1/projects/952652458408/services/run.googleapis.com x-goog-quota-user=projects/952652458408
[debug] [2025-11-17T07:38:19.365Z] >>> [apiv2][query] GET https://serviceusage.googleapis.com/v1/projects/952652458408/services/eventarc.googleapis.com [none]
[debug] [2025-11-17T07:38:19.365Z] >>> [apiv2][(partial)header] GET https://serviceusage.googleapis.com/v1/projects/952652458408/services/eventarc.googleapis.com x-goog-quota-user=projects/952652458408
[debug] [2025-11-17T07:38:19.366Z] >>> [apiv2][query] GET https://serviceusage.googleapis.com/v1/projects/952652458408/services/pubsub.googleapis.com [none]
[debug] [2025-11-17T07:38:19.366Z] >>> [apiv2][(partial)header] GET https://serviceusage.googleapis.com/v1/projects/952652458408/services/pubsub.googleapis.com x-goog-quota-user=projects/952652458408
[debug] [2025-11-17T07:38:19.367Z] >>> [apiv2][query] GET https://serviceusage.googleapis.com/v1/projects/952652458408/services/storage.googleapis.com [none]
[debug] [2025-11-17T07:38:19.367Z] >>> [apiv2][(partial)header] GET https://serviceusage.googleapis.com/v1/projects/952652458408/services/storage.googleapis.com x-goog-quota-user=projects/952652458408
[debug] [2025-11-17T07:38:19.871Z] <<< [apiv2][status] GET https://serviceusage.googleapis.com/v1/projects/952652458408/services/storage.googleapis.com 200
[debug] [2025-11-17T07:38:19.871Z] <<< [apiv2][body] GET https://serviceusage.googleapis.com/v1/projects/952652458408/services/storage.googleapis.com [omitted]
[info] +  functions: required API storage.googleapis.com is enabled 
[debug] [2025-11-17T07:38:19.902Z] <<< [apiv2][status] GET https://serviceusage.googleapis.com/v1/projects/952652458408/services/pubsub.googleapis.com 200
[debug] [2025-11-17T07:38:19.902Z] <<< [apiv2][body] GET https://serviceusage.googleapis.com/v1/projects/952652458408/services/pubsub.googleapis.com [omitted]
[info] +  functions: required API pubsub.googleapis.com is enabled 
[debug] [2025-11-17T07:38:19.912Z] <<< [apiv2][status] GET https://serviceusage.googleapis.com/v1/projects/952652458408/services/eventarc.googleapis.com 200
[debug] [2025-11-17T07:38:19.912Z] <<< [apiv2][body] GET https://serviceusage.googleapis.com/v1/projects/952652458408/services/eventarc.googleapis.com [omitted]
[warn] !  functions: missing required API eventarc.googleapis.com. Enabling now... 
[debug] [2025-11-17T07:38:19.913Z] Checked if tokens are valid: true, expires at: 1763368327832
[debug] [2025-11-17T07:38:19.913Z] Checked if tokens are valid: true, expires at: 1763368327832
[debug] [2025-11-17T07:38:19.913Z] >>> [apiv2][query] POST https://serviceusage.googleapis.com/v1/projects/952652458408/services/eventarc.googleapis.com:enable [none]
[debug] [2025-11-17T07:38:19.913Z] >>> [apiv2][(partial)header] POST https://serviceusage.googleapis.com/v1/projects/952652458408/services/eventarc.googleapis.com:enable x-goog-quota-user=projects/952652458408
[debug] [2025-11-17T07:38:19.923Z] <<< [apiv2][status] GET https://serviceusage.googleapis.com/v1/projects/952652458408/services/run.googleapis.com 200
[debug] [2025-11-17T07:38:19.923Z] <<< [apiv2][body] GET https://serviceusage.googleapis.com/v1/projects/952652458408/services/run.googleapis.com [omitted]
[warn] !  functions: missing required API run.googleapis.com. Enabling now... 
[debug] [2025-11-17T07:38:19.924Z] Checked if tokens are valid: true, expires at: 1763368327832
[debug] [2025-11-17T07:38:19.924Z] Checked if tokens are valid: true, expires at: 1763368327832
[debug] [2025-11-17T07:38:19.924Z] >>> [apiv2][query] POST https://serviceusage.googleapis.com/v1/projects/952652458408/services/run.googleapis.com:enable [none]
[debug] [2025-11-17T07:38:19.924Z] >>> [apiv2][(partial)header] POST https://serviceusage.googleapis.com/v1/projects/952652458408/services/run.googleapis.com:enable x-goog-quota-user=projects/952652458408
[debug] [2025-11-17T07:38:20.611Z] <<< [apiv2][status] POST https://serviceusage.googleapis.com/v1/projects/952652458408/services/eventarc.googleapis.com:enable 200
[debug] [2025-11-17T07:38:20.611Z] <<< [apiv2][body] POST https://serviceusage.googleapis.com/v1/projects/952652458408/services/eventarc.googleapis.com:enable [omitted]
[debug] [2025-11-17T07:38:20.660Z] <<< [apiv2][status] POST https://serviceusage.googleapis.com/v1/projects/952652458408/services/run.googleapis.com:enable 200
[debug] [2025-11-17T07:38:20.661Z] <<< [apiv2][body] POST https://serviceusage.googleapis.com/v1/projects/952652458408/services/run.googleapis.com:enable [omitted]
[info] i  functions: generating the service identity for pubsub.googleapis.com... 
[debug] [2025-11-17T07:38:30.678Z] Checked if tokens are valid: true, expires at: 1763368327832
[debug] [2025-11-17T07:38:30.679Z] Checked if tokens are valid: true, expires at: 1763368327832
[info] i  functions: generating the service identity for eventarc.googleapis.com... 
[debug] [2025-11-17T07:38:30.679Z] Checked if tokens are valid: true, expires at: 1763368327832
[debug] [2025-11-17T07:38:30.679Z] Checked if tokens are valid: true, expires at: 1763368327832
[debug] [2025-11-17T07:38:30.679Z] >>> [apiv2][query] POST https://serviceusage.googleapis.com/v1beta1/projects/952652458408/services/pubsub.googleapis.com:generateServiceIdentity [none]
[debug] [2025-11-17T07:38:30.679Z] >>> [apiv2][(partial)header] POST https://serviceusage.googleapis.com/v1beta1/projects/952652458408/services/pubsub.googleapis.com:generateServiceIdentity x-goog-quota-user=projects/952652458408
[debug] [2025-11-17T07:38:30.679Z] >>> [apiv2][body] POST https://serviceusage.googleapis.com/v1beta1/projects/952652458408/services/pubsub.googleapis.com:generateServiceIdentity {}
[debug] [2025-11-17T07:38:30.681Z] >>> [apiv2][query] POST https://serviceusage.googleapis.com/v1beta1/projects/952652458408/services/eventarc.googleapis.com:generateServiceIdentity [none]
[debug] [2025-11-17T07:38:30.681Z] >>> [apiv2][(partial)header] POST https://serviceusage.googleapis.com/v1beta1/projects/952652458408/services/eventarc.googleapis.com:generateServiceIdentity x-goog-quota-user=projects/952652458408
[debug] [2025-11-17T07:38:30.681Z] >>> [apiv2][body] POST https://serviceusage.googleapis.com/v1beta1/projects/952652458408/services/eventarc.googleapis.com:generateServiceIdentity {}
[debug] [2025-11-17T07:38:31.337Z] <<< [apiv2][status] POST https://serviceusage.googleapis.com/v1beta1/projects/952652458408/services/pubsub.googleapis.com:generateServiceIdentity 200
[debug] [2025-11-17T07:38:31.337Z] <<< [apiv2][body] POST https://serviceusage.googleapis.com/v1beta1/projects/952652458408/services/pubsub.googleapis.com:generateServiceIdentity {"name":"operations/finished.DONE_OPERATION","done":true,"response":{"@type":"type.googleapis.com/google.api.serviceusage.v1beta1.ServiceIdentity","email":"service-952652458408@gcp-sa-pubsub.iam.gserviceaccount.com","uniqueId":"101713083786448975225"}}
[debug] [2025-11-17T07:38:31.447Z] <<< [apiv2][status] POST https://serviceusage.googleapis.com/v1beta1/projects/952652458408/services/eventarc.googleapis.com:generateServiceIdentity 200
[debug] [2025-11-17T07:38:31.447Z] <<< [apiv2][body] POST https://serviceusage.googleapis.com/v1beta1/projects/952652458408/services/eventarc.googleapis.com:generateServiceIdentity {"name":"operations/finished.DONE_OPERATION","done":true,"response":{"@type":"type.googleapis.com/google.api.serviceusage.v1beta1.ServiceIdentity","email":"service-952652458408@gcp-sa-eventarc.iam.gserviceaccount.com","uniqueId":"111652892102923076042"}}
[debug] [2025-11-17T07:38:31.448Z] Checked if tokens are valid: true, expires at: 1763368327832
[debug] [2025-11-17T07:38:31.448Z] Checked if tokens are valid: true, expires at: 1763368327832
[debug] [2025-11-17T07:38:31.449Z] >>> [apiv2][query] GET https://storage.googleapis.com/storage/v1/projects/952652458408/serviceAccount [none]
[debug] [2025-11-17T07:38:32.230Z] <<< [apiv2][status] GET https://storage.googleapis.com/storage/v1/projects/952652458408/serviceAccount 200
[debug] [2025-11-17T07:38:32.230Z] <<< [apiv2][body] GET https://storage.googleapis.com/storage/v1/projects/952652458408/serviceAccount {"kind":"storage#serviceAccount","email_address":"service-952652458408@gs-project-accounts.iam.gserviceaccount.com"}
[debug] [2025-11-17T07:38:32.231Z] Checked if tokens are valid: true, expires at: 1763368327832
[debug] [2025-11-17T07:38:32.231Z] Checked if tokens are valid: true, expires at: 1763368327832
[debug] [2025-11-17T07:38:32.231Z] >>> [apiv2][query] GET https://compute.googleapis.com/compute/v1/projects/952652458408 [none]
[debug] [2025-11-17T07:38:32.567Z] <<< [apiv2][status] GET https://compute.googleapis.com/compute/v1/projects/952652458408 403
[debug] [2025-11-17T07:38:32.567Z] <<< [apiv2][body] GET https://compute.googleapis.com/compute/v1/projects/952652458408 {"error":{"code":403,"message":"Compute Engine API has not been used in project 952652458408 before or it is disabled. Enable it by visiting https://console.developers.google.com/apis/api/compute.googleapis.com/overview?project=952652458408 then retry. If you enabled this API recently, wait a few minutes for the action to propagate to our systems and retry.","errors":[{"message":"Compute Engine API has not been used in project 952652458408 before or it is disabled. Enable it by visiting https://console.developers.google.com/apis/api/compute.googleapis.com/overview?project=952652458408 then retry. If you enabled this API recently, wait a few minutes for the action to propagate to our systems and retry.","domain":"usageLimits","reason":"accessNotConfigured","extendedHelp":"https://console.developers.google.com"}],"status":"PERMISSION_DENIED","details":[{"@type":"type.googleapis.com/google.rpc.ErrorInfo","reason":"SERVICE_DISABLED","domain":"googleapis.com","metadata":{"consumer":"projects/952652458408","activationUrl":"https://console.developers.google.com/apis/api/compute.googleapis.com/overview?project=952652458408","serviceTitle":"Compute Engine API","service":"compute.googleapis.com","containerInfo":"952652458408"}},{"@type":"type.googleapis.com/google.rpc.LocalizedMessage","locale":"en-US","message":"Compute Engine API has not been used in project 952652458408 before or it is disabled. Enable it by visiting https://console.developers.google.com/apis/api/compute.googleapis.com/overview?project=952652458408 then retry. If you enabled this API recently, wait a few minutes for the action to propagate to our systems and retry."},{"@type":"type.googleapis.com/google.rpc.Help","links":[{"description":"Google developers console API activation","url":"https://console.developers.google.com/apis/api/compute.googleapis.com/overview?project=952652458408"}]}]}}
[debug] [2025-11-17T07:38:32.567Z] unable to look up default compute service account. Falling back to 952652458408-compute@developer.gserviceaccount.com. Error: {"name":"FirebaseError","children":[],"context":{"body":{"error":{"code":403,"message":"Compute Engine API has not been used in project 952652458408 before or it is disabled. Enable it by visiting https://console.developers.google.com/apis/api/compute.googleapis.com/overview?project=952652458408 then retry. If you enabled this API recently, wait a few minutes for the action to propagate to our systems and retry.","errors":[{"message":"Compute Engine API has not been used in project 952652458408 before or it is disabled. Enable it by visiting https://console.developers.google.com/apis/api/compute.googleapis.com/overview?project=952652458408 then retry. If you enabled this API recently, wait a few minutes for the action to propagate to our systems and retry.","domain":"usageLimits","reason":"accessNotConfigured","extendedHelp":"https://console.developers.google.com"}],"status":"PERMISSION_DENIED","details":[{"@type":"type.googleapis.com/google.rpc.ErrorInfo","reason":"SERVICE_DISABLED","domain":"googleapis.com","metadata":{"consumer":"projects/952652458408","activationUrl":"https://console.developers.google.com/apis/api/compute.googleapis.com/overview?project=952652458408","serviceTitle":"Compute Engine API","service":"compute.googleapis.com","containerInfo":"952652458408"}},{"@type":"type.googleapis.com/google.rpc.LocalizedMessage","locale":"en-US","message":"Compute Engine API has not been used in project 952652458408 before or it is disabled. Enable it by visiting https://console.developers.google.com/apis/api/compute.googleapis.com/overview?project=952652458408 then retry. If you enabled this API recently, wait a few minutes for the action to propagate to our systems and retry."},{"@type":"type.googleapis.com/google.rpc.Help","links":[{"description":"Google developers console API activation","url":"https://console.developers.google.com/apis/api/compute.googleapis.com/overview?project=952652458408"}]}]}},"response":{"statusCode":403}},"exit":1,"message":"Request to https://compute.googleapis.com/compute/v1/projects/952652458408 had HTTP Error: 403, Compute Engine API has not been used in project 952652458408 before or it is disabled. Enable it by visiting https://console.developers.google.com/apis/api/compute.googleapis.com/overview?project=952652458408 then retry. If you enabled this API recently, wait a few minutes for the action to propagate to our systems and retry.","status":403}
[debug] [2025-11-17T07:38:32.567Z] Checked if tokens are valid: true, expires at: 1763368327832
[debug] [2025-11-17T07:38:32.568Z] Checked if tokens are valid: true, expires at: 1763368327832
[debug] [2025-11-17T07:38:32.568Z] >>> [apiv2][query] POST https://cloudresourcemanager.googleapis.com/v1/projects/952652458408:getIamPolicy [none]
[debug] [2025-11-17T07:38:33.012Z] <<< [apiv2][status] POST https://cloudresourcemanager.googleapis.com/v1/projects/952652458408:getIamPolicy 200
[debug] [2025-11-17T07:38:33.012Z] <<< [apiv2][body] POST https://cloudresourcemanager.googleapis.com/v1/projects/952652458408:getIamPolicy {"version":1,"etag":"BwZDxW54+nM=","bindings":[{"role":"roles/cloudbuild.builds.builder","members":["serviceAccount:952652458408@cloudbuild.gserviceaccount.com"]},{"role":"roles/cloudbuild.serviceAgent","members":["serviceAccount:service-952652458408@gcp-sa-cloudbuild.iam.gserviceaccount.com"]},{"role":"roles/cloudfunctions.admin","members":["serviceAccount:firebase-adminsdk-fbsvc@biome-865cc.iam.gserviceaccount.com"]},{"role":"roles/cloudfunctions.serviceAgent","members":["serviceAccount:service-952652458408@gcf-admin-robot.iam.gserviceaccount.com"]},{"role":"roles/containerregistry.ServiceAgent","members":["serviceAccount:service-952652458408@containerregistry.iam.gserviceaccount.com"]},{"role":"roles/editor","members":["serviceAccount:952652458408@cloudservices.gserviceaccount.com"]},{"role":"roles/firebase.managementServiceAgent","members":["serviceAccount:service-952652458408@gcp-sa-firebase.iam.gserviceaccount.com"]},{"role":"roles/firebase.sdkAdminServiceAgent","members":["serviceAccount:firebase-adminsdk-fbsvc@biome-865cc.iam.gserviceaccount.com"]},{"role":"roles/firebasemods.serviceAgent","members":["serviceAccount:service-952652458408@gcp-sa-firebasemods.iam.gserviceaccount.com"]},{"role":"roles/firebaserules.system","members":["serviceAccount:service-952652458408@firebase-rules.iam.gserviceaccount.com"]},{"role":"roles/firebasestorage.serviceAgent","members":["serviceAccount:service-952652458408@gcp-sa-firebasestorage.iam.gserviceaccount.com"]},{"role":"roles/firestore.serviceAgent","members":["serviceAccount:service-952652458408@gcp-sa-firestore.iam.gserviceaccount.com"]},{"role":"roles/iam.serviceAccountTokenCreator","members":["serviceAccount:firebase-adminsdk-fbsvc@biome-865cc.iam.gserviceaccount.com"]},{"role":"roles/owner","members":["user:alex@atozdigital.co"]},{"role":"roles/run.serviceAgent","members":["serviceAccount:service-952652458408@serverless-robot-prod.iam.gserviceaccount.com"]},{"role":"roles/storage.admin","members":["serviceAccount:firebase-adminsdk-fbsvc@biome-865cc.iam.gserviceaccount.com"]}]}
[debug] [2025-11-17T07:38:33.013Z] Checked if tokens are valid: true, expires at: 1763368327832
[debug] [2025-11-17T07:38:33.013Z] Checked if tokens are valid: true, expires at: 1763368327832
[debug] [2025-11-17T07:38:33.013Z] >>> [apiv2][query] POST https://cloudresourcemanager.googleapis.com/v1/projects/952652458408:setIamPolicy [none]
[debug] [2025-11-17T07:38:33.013Z] >>> [apiv2][body] POST https://cloudresourcemanager.googleapis.com/v1/projects/952652458408:setIamPolicy {"policy":{"version":1,"etag":"BwZDxW54+nM=","bindings":[{"role":"roles/cloudbuild.builds.builder","members":["serviceAccount:952652458408@cloudbuild.gserviceaccount.com"]},{"role":"roles/cloudbuild.serviceAgent","members":["serviceAccount:service-952652458408@gcp-sa-cloudbuild.iam.gserviceaccount.com"]},{"role":"roles/cloudfunctions.admin","members":["serviceAccount:firebase-adminsdk-fbsvc@biome-865cc.iam.gserviceaccount.com"]},{"role":"roles/cloudfunctions.serviceAgent","members":["serviceAccount:service-952652458408@gcf-admin-robot.iam.gserviceaccount.com"]},{"role":"roles/containerregistry.ServiceAgent","members":["serviceAccount:service-952652458408@containerregistry.iam.gserviceaccount.com"]},{"role":"roles/editor","members":["serviceAccount:952652458408@cloudservices.gserviceaccount.com"]},{"role":"roles/firebase.managementServiceAgent","members":["serviceAccount:service-952652458408@gcp-sa-firebase.iam.gserviceaccount.com"]},{"role":"roles/firebase.sdkAdminServiceAgent","members":["serviceAccount:firebase-adminsdk-fbsvc@biome-865cc.iam.gserviceaccount.com"]},{"role":"roles/firebasemods.serviceAgent","members":["serviceAccount:service-952652458408@gcp-sa-firebasemods.iam.gserviceaccount.com"]},{"role":"roles/firebaserules.system","members":["serviceAccount:service-952652458408@firebase-rules.iam.gserviceaccount.com"]},{"role":"roles/firebasestorage.serviceAgent","members":["serviceAccount:service-952652458408@gcp-sa-firebasestorage.iam.gserviceaccount.com"]},{"role":"roles/firestore.serviceAgent","members":["serviceAccount:service-952652458408@gcp-sa-firestore.iam.gserviceaccount.com"]},{"role":"roles/iam.serviceAccountTokenCreator","members":["serviceAccount:firebase-adminsdk-fbsvc@biome-865cc.iam.gserviceaccount.com","serviceAccount:service-952652458408@gcp-sa-pubsub.iam.gserviceaccount.com"]},{"role":"roles/owner","members":["user:alex@atozdigital.co"]},{"role":"roles/run.serviceAgent","members":["serviceAccount:service-952652458408@serverless-robot-prod.iam.gserviceaccount.com"]},{"role":"roles/storage.admin","members":["serviceAccount:firebase-adminsdk-fbsvc@biome-865cc.iam.gserviceaccount.com"]},{"role":"roles/pubsub.publisher","members":["serviceAccount:service-952652458408@gs-project-accounts.iam.gserviceaccount.com"]},{"role":"roles/run.invoker","members":["serviceAccount:952652458408-compute@developer.gserviceaccount.com"]},{"role":"roles/eventarc.eventReceiver","members":["serviceAccount:952652458408-compute@developer.gserviceaccount.com"]}]},"updateMask":"bindings"}
[debug] [2025-11-17T07:38:33.497Z] <<< [apiv2][status] POST https://cloudresourcemanager.googleapis.com/v1/projects/952652458408:setIamPolicy 200
[debug] [2025-11-17T07:38:33.497Z] <<< [apiv2][body] POST https://cloudresourcemanager.googleapis.com/v1/projects/952652458408:setIamPolicy {"version":1,"etag":"BwZDxW8uUWk=","bindings":[{"role":"roles/cloudbuild.builds.builder","members":["serviceAccount:952652458408@cloudbuild.gserviceaccount.com"]},{"role":"roles/cloudbuild.serviceAgent","members":["serviceAccount:service-952652458408@gcp-sa-cloudbuild.iam.gserviceaccount.com"]},{"role":"roles/cloudfunctions.admin","members":["serviceAccount:firebase-adminsdk-fbsvc@biome-865cc.iam.gserviceaccount.com"]},{"role":"roles/cloudfunctions.serviceAgent","members":["serviceAccount:service-952652458408@gcf-admin-robot.iam.gserviceaccount.com"]},{"role":"roles/containerregistry.ServiceAgent","members":["serviceAccount:service-952652458408@containerregistry.iam.gserviceaccount.com"]},{"role":"roles/editor","members":["serviceAccount:952652458408@cloudservices.gserviceaccount.com"]},{"role":"roles/eventarc.eventReceiver","members":["serviceAccount:952652458408-compute@developer.gserviceaccount.com"]},{"role":"roles/firebase.managementServiceAgent","members":["serviceAccount:service-952652458408@gcp-sa-firebase.iam.gserviceaccount.com"]},{"role":"roles/firebase.sdkAdminServiceAgent","members":["serviceAccount:firebase-adminsdk-fbsvc@biome-865cc.iam.gserviceaccount.com"]},{"role":"roles/firebasemods.serviceAgent","members":["serviceAccount:service-952652458408@gcp-sa-firebasemods.iam.gserviceaccount.com"]},{"role":"roles/firebaserules.system","members":["serviceAccount:service-952652458408@firebase-rules.iam.gserviceaccount.com"]},{"role":"roles/firebasestorage.serviceAgent","members":["serviceAccount:service-952652458408@gcp-sa-firebasestorage.iam.gserviceaccount.com"]},{"role":"roles/firestore.serviceAgent","members":["serviceAccount:service-952652458408@gcp-sa-firestore.iam.gserviceaccount.com"]},{"role":"roles/iam.serviceAccountTokenCreator","members":["serviceAccount:firebase-adminsdk-fbsvc@biome-865cc.iam.gserviceaccount.com","serviceAccount:service-952652458408@gcp-sa-pubsub.iam.gserviceaccount.com"]},{"role":"roles/owner","members":["user:alex@atozdigital.co"]},{"role":"roles/pubsub.publisher","members":["serviceAccount:service-952652458408@gs-project-accounts.iam.gserviceaccount.com"]},{"role":"roles/run.invoker","members":["serviceAccount:952652458408-compute@developer.gserviceaccount.com"]},{"role":"roles/run.serviceAgent","members":["serviceAccount:service-952652458408@serverless-robot-prod.iam.gserviceaccount.com"]},{"role":"roles/storage.admin","members":["serviceAccount:firebase-adminsdk-fbsvc@biome-865cc.iam.gserviceaccount.com"]}]}
[debug] [2025-11-17T07:38:33.498Z] Checked if tokens are valid: true, expires at: 1763368327832
[debug] [2025-11-17T07:38:33.498Z] Checked if tokens are valid: true, expires at: 1763368327832
[debug] [2025-11-17T07:38:33.498Z] >>> [apiv2][query] GET https://cloudresourcemanager.googleapis.com/v1/projects/biome-865cc [none]
[debug] [2025-11-17T07:38:33.629Z] <<< [apiv2][status] GET https://cloudresourcemanager.googleapis.com/v1/projects/biome-865cc 200
[debug] [2025-11-17T07:38:33.629Z] <<< [apiv2][body] GET https://cloudresourcemanager.googleapis.com/v1/projects/biome-865cc {"projectNumber":"952652458408","projectId":"biome-865cc","lifecycleState":"ACTIVE","name":"BioME","labels":{"firebase":"enabled","firebase-core":"disabled"},"createTime":"2025-11-16T23:46:33.065732Z","parent":{"type":"organization","id":"700716616277"}}
[debug] [2025-11-17T07:38:33.629Z] Checked if tokens are valid: true, expires at: 1763368327832
[debug] [2025-11-17T07:38:33.629Z] Checked if tokens are valid: true, expires at: 1763368327832
[debug] [2025-11-17T07:38:33.629Z] >>> [apiv2][query] GET https://compute.googleapis.com/compute/v1/projects/952652458408 [none]
[debug] [2025-11-17T07:38:33.782Z] <<< [apiv2][status] GET https://compute.googleapis.com/compute/v1/projects/952652458408 403
[debug] [2025-11-17T07:38:33.782Z] <<< [apiv2][body] GET https://compute.googleapis.com/compute/v1/projects/952652458408 {"error":{"code":403,"message":"Compute Engine API has not been used in project 952652458408 before or it is disabled. Enable it by visiting https://console.developers.google.com/apis/api/compute.googleapis.com/overview?project=952652458408 then retry. If you enabled this API recently, wait a few minutes for the action to propagate to our systems and retry.","errors":[{"message":"Compute Engine API has not been used in project 952652458408 before or it is disabled. Enable it by visiting https://console.developers.google.com/apis/api/compute.googleapis.com/overview?project=952652458408 then retry. If you enabled this API recently, wait a few minutes for the action to propagate to our systems and retry.","domain":"usageLimits","reason":"accessNotConfigured","extendedHelp":"https://console.developers.google.com"}],"status":"PERMISSION_DENIED","details":[{"@type":"type.googleapis.com/google.rpc.ErrorInfo","reason":"SERVICE_DISABLED","domain":"googleapis.com","metadata":{"activationUrl":"https://console.developers.google.com/apis/api/compute.googleapis.com/overview?project=952652458408","service":"compute.googleapis.com","containerInfo":"952652458408","serviceTitle":"Compute Engine API","consumer":"projects/952652458408"}},{"@type":"type.googleapis.com/google.rpc.LocalizedMessage","locale":"en-US","message":"Compute Engine API has not been used in project 952652458408 before or it is disabled. Enable it by visiting https://console.developers.google.com/apis/api/compute.googleapis.com/overview?project=952652458408 then retry. If you enabled this API recently, wait a few minutes for the action to propagate to our systems and retry."},{"@type":"type.googleapis.com/google.rpc.Help","links":[{"description":"Google developers console API activation","url":"https://console.developers.google.com/apis/api/compute.googleapis.com/overview?project=952652458408"}]}]}}
[debug] [2025-11-17T07:38:33.782Z] unable to look up default compute service account. Falling back to 952652458408-compute@developer.gserviceaccount.com. Error: {"name":"FirebaseError","children":[],"context":{"body":{"error":{"code":403,"message":"Compute Engine API has not been used in project 952652458408 before or it is disabled. Enable it by visiting https://console.developers.google.com/apis/api/compute.googleapis.com/overview?project=952652458408 then retry. If you enabled this API recently, wait a few minutes for the action to propagate to our systems and retry.","errors":[{"message":"Compute Engine API has not been used in project 952652458408 before or it is disabled. Enable it by visiting https://console.developers.google.com/apis/api/compute.googleapis.com/overview?project=952652458408 then retry. If you enabled this API recently, wait a few minutes for the action to propagate to our systems and retry.","domain":"usageLimits","reason":"accessNotConfigured","extendedHelp":"https://console.developers.google.com"}],"status":"PERMISSION_DENIED","details":[{"@type":"type.googleapis.com/google.rpc.ErrorInfo","reason":"SERVICE_DISABLED","domain":"googleapis.com","metadata":{"activationUrl":"https://console.developers.google.com/apis/api/compute.googleapis.com/overview?project=952652458408","service":"compute.googleapis.com","containerInfo":"952652458408","serviceTitle":"Compute Engine API","consumer":"projects/952652458408"}},{"@type":"type.googleapis.com/google.rpc.LocalizedMessage","locale":"en-US","message":"Compute Engine API has not been used in project 952652458408 before or it is disabled. Enable it by visiting https://console.developers.google.com/apis/api/compute.googleapis.com/overview?project=952652458408 then retry. If you enabled this API recently, wait a few minutes for the action to propagate to our systems and retry."},{"@type":"type.googleapis.com/google.rpc.Help","links":[{"description":"Google developers console API activation","url":"https://console.developers.google.com/apis/api/compute.googleapis.com/overview?project=952652458408"}]}]}},"response":{"statusCode":403}},"exit":1,"message":"Request to https://compute.googleapis.com/compute/v1/projects/952652458408 had HTTP Error: 403, Compute Engine API has not been used in project 952652458408 before or it is disabled. Enable it by visiting https://console.developers.google.com/apis/api/compute.googleapis.com/overview?project=952652458408 then retry. If you enabled this API recently, wait a few minutes for the action to propagate to our systems and retry.","status":403}
[debug] [2025-11-17T07:38:33.783Z] Checked if tokens are valid: true, expires at: 1763368327832
[debug] [2025-11-17T07:38:33.783Z] Checked if tokens are valid: true, expires at: 1763368327832
[debug] [2025-11-17T07:38:33.783Z] >>> [apiv2][query] GET https://cloudbilling.googleapis.com/v1/projects/biome-865cc/billingInfo [none]
[debug] [2025-11-17T07:38:34.170Z] <<< [apiv2][status] GET https://cloudbilling.googleapis.com/v1/projects/biome-865cc/billingInfo 200
[debug] [2025-11-17T07:38:34.170Z] <<< [apiv2][body] GET https://cloudbilling.googleapis.com/v1/projects/biome-865cc/billingInfo {"name":"projects/biome-865cc/billingInfo","projectId":"biome-865cc","billingAccountName":"billingAccounts/012F0E-23C412-E9F3FD","billingEnabled":true}
[debug] [2025-11-17T07:38:34.171Z] Checked if tokens are valid: true, expires at: 1763368327832
[debug] [2025-11-17T07:38:34.172Z] Checked if tokens are valid: true, expires at: 1763368327832
[debug] [2025-11-17T07:38:34.172Z] >>> [apiv2][query] POST https://cloudfunctions.googleapis.com/v2/projects/biome-865cc/locations/us-central1/functions:generateUploadUrl [none]
[debug] [2025-11-17T07:38:35.289Z] <<< [apiv2][status] POST https://cloudfunctions.googleapis.com/v2/projects/biome-865cc/locations/us-central1/functions:generateUploadUrl 200
[debug] [2025-11-17T07:38:35.290Z] <<< [apiv2][body] POST https://cloudfunctions.googleapis.com/v2/projects/biome-865cc/locations/us-central1/functions:generateUploadUrl {"uploadUrl":"https://storage.googleapis.com/gcf-v2-uploads-952652458408.us-central1.cloudfunctions.appspot.com/208bf4c7-791b-4a57-a9b1-9d138854a7f9.zip?GoogleAccessId=service-952652458408@gcf-admin-robot.iam.gserviceaccount.com&Expires=1763366914&Signature=cyStSNwaeRz9sNfMmUXOTfPFuNMVw0xETISkBHhf%2FHZYggleIwaDri1xkWvYV%2BBgjs%2B67Zty5ynaeFPWRMfBhUEf6RwSEOI%2BXWOjE917Xxrv2Q%2FyHslByBZes%2FOvKiODUwSbc7OB5%2FvpvbrEFI28QkecuedcNoKzDM9u%2FNBELrxsk1%2Bubp9qSGwWmw5EjkUgj%2FqfEz7vSuDD%2F0TYqEgGUTWNhPREHxZB5GYPF8OC7%2FGU7hDLr6RS2%2Bsjo7MokOTkCQp%2Fnj3ohnCVrqL1PYcpRnLVqOApxvZHsSyxYOEzkY5nwlsRCqI098o9LeNNDTbEXNifsPfBzGNiqbdPlXxkqQ%3D%3D","storageSource":{"bucket":"gcf-v2-uploads-952652458408.us-central1.cloudfunctions.appspot.com","object":"208bf4c7-791b-4a57-a9b1-9d138854a7f9.zip"}}
[debug] [2025-11-17T07:38:35.290Z] >>> [apiv2][query] PUT https://storage.googleapis.com/gcf-v2-uploads-952652458408.us-central1.cloudfunctions.appspot.com/208bf4c7-791b-4a57-a9b1-9d138854a7f9.zip GoogleAccessId=service-952652458408%40gcf-admin-robot.iam.gserviceaccount.com&Expires=1763366914&Signature=cyStSNwaeRz9sNfMmUXOTfPFuNMVw0xETISkBHhf%2FHZYggleIwaDri1xkWvYV%2BBgjs%2B67Zty5ynaeFPWRMfBhUEf6RwSEOI%2BXWOjE917Xxrv2Q%2FyHslByBZes%2FOvKiODUwSbc7OB5%2FvpvbrEFI28QkecuedcNoKzDM9u%2FNBELrxsk1%2Bubp9qSGwWmw5EjkUgj%2FqfEz7vSuDD%2F0TYqEgGUTWNhPREHxZB5GYPF8OC7%2FGU7hDLr6RS2%2Bsjo7MokOTkCQp%2Fnj3ohnCVrqL1PYcpRnLVqOApxvZHsSyxYOEzkY5nwlsRCqI098o9LeNNDTbEXNifsPfBzGNiqbdPlXxkqQ%3D%3D
[debug] [2025-11-17T07:38:35.290Z] >>> [apiv2][body] PUT https://storage.googleapis.com/gcf-v2-uploads-952652458408.us-central1.cloudfunctions.appspot.com/208bf4c7-791b-4a57-a9b1-9d138854a7f9.zip [stream]
[debug] [2025-11-17T07:38:35.632Z] <<< [apiv2][status] PUT https://storage.googleapis.com/gcf-v2-uploads-952652458408.us-central1.cloudfunctions.appspot.com/208bf4c7-791b-4a57-a9b1-9d138854a7f9.zip 200
[debug] [2025-11-17T07:38:35.632Z] <<< [apiv2][body] PUT https://storage.googleapis.com/gcf-v2-uploads-952652458408.us-central1.cloudfunctions.appspot.com/208bf4c7-791b-4a57-a9b1-9d138854a7f9.zip [omitted]
[info] +  functions: functions source uploaded successfully 
[info] i  functions: creating Node.js 20 (2nd Gen) function generateSrcArray(us-central1)... 
[debug] [2025-11-17T07:38:35.635Z] Checked if tokens are valid: true, expires at: 1763368327832
[debug] [2025-11-17T07:38:35.635Z] Checked if tokens are valid: true, expires at: 1763368327832
[debug] [2025-11-17T07:38:35.636Z] >>> [apiv2][query] POST https://cloudfunctions.googleapis.com/v2/projects/biome-865cc/locations/us-central1/functions functionId=generateSrcArray
[debug] [2025-11-17T07:38:35.636Z] >>> [apiv2][body] POST https://cloudfunctions.googleapis.com/v2/projects/biome-865cc/locations/us-central1/functions {"name":"projects/biome-865cc/locations/us-central1/functions/generateSrcArray","buildConfig":{"runtime":"nodejs20","entryPoint":"generateSrcArray","source":{"storageSource":{"bucket":"gcf-v2-uploads-952652458408.us-central1.cloudfunctions.appspot.com","object":"208bf4c7-791b-4a57-a9b1-9d138854a7f9.zip"}},"environmentVariables":{"GOOGLE_NODE_RUN_SCRIPTS":""}},"serviceConfig":{"environmentVariables":{"FIREBASE_CONFIG":"{\"projectId\":\"biome-865cc\",\"storageBucket\":\"biome-865cc.firebasestorage.app\"}","GCLOUD_PROJECT":"biome-865cc","EVENTARC_CLOUD_EVENT_SOURCE":"projects/biome-865cc/locations/us-central1/services/generateSrcArray","FUNCTION_SIGNATURE_TYPE":"cloudevent","FUNCTION_TARGET":"generateSrcArray","LOG_EXECUTION_ID":"true"},"ingressSettings":null,"timeoutSeconds":null,"serviceAccountEmail":null,"availableMemory":"256Mi","minInstanceCount":null,"maxInstanceCount":null,"maxInstanceRequestConcurrency":80,"availableCpu":"1","vpcConnector":null,"vpcConnectorEgressSettings":null},"labels":{"deployment-tool":"cli-firebase","firebase-functions-hash":"c3bcc55abbadd2283f12c5624b365ce0606ec50d"},"eventTrigger":{"eventType":"google.cloud.storage.object.v1.finalized","retryPolicy":"RETRY_POLICY_DO_NOT_RETRY","eventFilters":[{"attribute":"bucket","value":"biome-865cc.firebasestorage.app"}],"triggerRegion":"us-central1"}}
[debug] [2025-11-17T07:38:37.446Z] <<< [apiv2][status] POST https://cloudfunctions.googleapis.com/v2/projects/biome-865cc/locations/us-central1/functions 403
[debug] [2025-11-17T07:38:37.446Z] <<< [apiv2][body] POST https://cloudfunctions.googleapis.com/v2/projects/biome-865cc/locations/us-central1/functions {"error":{"code":403,"message":"Validation failed for trigger projects/biome-865cc/locations/us-central1/triggers/generatesrcarray-459938: Permission \"storage.buckets.get\" denied on \"Bucket \\\"biome-865cc.firebasestorage.app\\\" could not be validated. Please verify that the bucket exists and that the Eventarc service account has permission.\"","status":"PERMISSION_DENIED"}}
[warn] !  functions: Request to https://cloudfunctions.googleapis.com/v2/projects/biome-865cc/locations/us-central1/functions?functionId=generateSrcArray had HTTP Error: 403, Validation failed for trigger projects/biome-865cc/locations/us-central1/triggers/generatesrcarray-459938: Permission "storage.buckets.get" denied on "Bucket \"biome-865cc.firebasestorage.app\" could not be validated. Please verify that the bucket exists and that the Eventarc service account has permission." 
[warn] !  functions:  failed to create function projects/biome-865cc/locations/us-central1/functions/generateSrcArray 
[error] Failed to create function projects/biome-865cc/locations/us-central1/functions/generateSrcArray
[debug] [2025-11-17T07:38:37.448Z] Total Function Deployment time: 1813
[debug] [2025-11-17T07:38:37.449Z] 1 Functions Deployed
[debug] [2025-11-17T07:38:37.449Z] 1 Functions Errored
[debug] [2025-11-17T07:38:37.449Z] 0 Function Deployments Aborted
[debug] [2025-11-17T07:38:37.449Z] Average Function Deployment time: 1813
[info] 
[info] Functions deploy had errors with the following functions:
	generateSrcArray(us-central1)
[debug] [2025-11-17T07:38:37.450Z] Checked if tokens are valid: true, expires at: 1763368327832
[debug] [2025-11-17T07:38:37.450Z] Checked if tokens are valid: true, expires at: 1763368327832
[debug] [2025-11-17T07:38:37.450Z] >>> [apiv2][query] GET https://artifactregistry.googleapis.com/v1/projects/biome-865cc/locations/us-central1/repositories/gcf-artifacts [none]
[debug] [2025-11-17T07:38:37.831Z] <<< [apiv2][status] GET https://artifactregistry.googleapis.com/v1/projects/biome-865cc/locations/us-central1/repositories/gcf-artifacts 404
[debug] [2025-11-17T07:38:37.831Z] <<< [apiv2][body] GET https://artifactregistry.googleapis.com/v1/projects/biome-865cc/locations/us-central1/repositories/gcf-artifacts {"error":{"code":404,"message":"Requested entity was not found.","status":"NOT_FOUND"}}
[debug] [2025-11-17T07:38:37.831Z] Failed to check artifact cleanup policy for region us-central1: Request to https://artifactregistry.googleapis.com/v1/projects/biome-865cc/locations/us-central1/repositories/gcf-artifacts had HTTP Error: 404, Requested entity was not found. {"name":"FirebaseError","children":[],"context":{"body":{"error":{"code":404,"message":"Requested entity was not found.","status":"NOT_FOUND"}},"response":{"statusCode":404}},"exit":1,"message":"Request to https://artifactregistry.googleapis.com/v1/projects/biome-865cc/locations/us-central1/repositories/gcf-artifacts had HTTP Error: 404, Requested entity was not found.","status":404}
[debug] [2025-11-17T07:38:37.832Z] Functions deploy failed.
[debug] [2025-11-17T07:38:37.832Z] {
  "endpoint": {
    "id": "generateSrcArray",
    "project": "biome-865cc",
    "region": "us-central1",
    "entryPoint": "generateSrcArray",
    "platform": "gcfv2",
    "runtime": "nodejs20",
    "eventTrigger": {
      "eventType": "google.cloud.storage.object.v1.finalized",
      "retry": false,
      "eventFilters": {
        "bucket": "biome-865cc.firebasestorage.app"
      },
      "region": "us-central1"
    },
    "labels": {
      "deployment-tool": "cli-firebase"
    },
    "serviceAccount": null,
    "ingressSettings": null,
    "availableMemoryMb": null,
    "timeoutSeconds": null,
    "maxInstances": null,
    "minInstances": null,
    "concurrency": 80,
    "vpc": null,
    "environmentVariables": {
      "FIREBASE_CONFIG": "{\"projectId\":\"biome-865cc\",\"storageBucket\":\"biome-865cc.firebasestorage.app\"}",
      "GCLOUD_PROJECT": "biome-865cc",
      "EVENTARC_CLOUD_EVENT_SOURCE": "projects/biome-865cc/locations/us-central1/services/generateSrcArray"
    },
    "codebase": "default",
    "cpu": 1,
    "targetedByOnly": false,
    "hash": "c3bcc55abbadd2283f12c5624b365ce0606ec50d"
  },
  "op": "create",
  "original": {
    "name": "FirebaseError",
    "children": [],
    "context": {
      "function": "projects/biome-865cc/locations/us-central1/functions/generateSrcArray"
    },
    "exit": 1,
    "message": "Failed to create function projects/biome-865cc/locations/us-central1/functions/generateSrcArray",
    "original": {
      "name": "FirebaseError",
      "children": [],
      "context": {
        "body": {
          "error": {
            "code": 403,
            "message": "Validation failed for trigger projects/biome-865cc/locations/us-central1/triggers/generatesrcarray-459938: Permission \"storage.buckets.get\" denied on \"Bucket \\\"biome-865cc.firebasestorage.app\\\" could not be validated. Please verify that the bucket exists and that the Eventarc service account has permission.\"",
            "status": "PERMISSION_DENIED"
          }
        },
        "response": {
          "statusCode": 403
        }
      },
      "exit": 1,
      "message": "Request to https://cloudfunctions.googleapis.com/v2/projects/biome-865cc/locations/us-central1/functions?functionId=generateSrcArray had HTTP Error: 403, Validation failed for trigger projects/biome-865cc/locations/us-central1/triggers/generatesrcarray-459938: Permission \"storage.buckets.get\" denied on \"Bucket \\\"biome-865cc.firebasestorage.app\\\" could not be validated. Please verify that the bucket exists and that the Eventarc service account has permission.\"",
      "status": 403
    },
    "status": 403,
    "code": 403
  }
}
[debug] [2025-11-17T07:38:37.833Z] Error: Failed to create function generateSrcArray in region us-central1
    at C:\Users\zimm2\AppData\Roaming\npm\node_modules\firebase-tools\lib\deploy\functions\release\fabricator.js:306:27
    at process.processTicksAndRejections (node:internal/process/task_queues:95:5)
    at async Fabricator.createV2Function (C:\Users\zimm2\AppData\Roaming\npm\node_modules\firebase-tools\lib\deploy\functions\release\fabricator.js:290:30)
    at async Fabricator.createEndpoint (C:\Users\zimm2\AppData\Roaming\npm\node_modules\firebase-tools\lib\deploy\functions\release\fabricator.js:137:13)
    at async handle (C:\Users\zimm2\AppData\Roaming\npm\node_modules\firebase-tools\lib\deploy\functions\release\fabricator.js:89:17)
[error] 
[error] Error: There was an error deploying functions
